# JRE version: OpenJDK Runtime Environment (17.0.11) (build 17.0.11+0--11852314)
# Java VM: OpenJDK 64-Bit Server VM (17.0.11+0--11852314, mixed mode, tiered, compressed oops, compressed class ptrs, g1 gc, windows-amd64)
GC Precious Log:
 CPUs: 12 total, 12 available
 Memory: 7916M
 Large Page Support: Disabled
 NUMA Support: Disabled
 Compressed Oops: Enabled (32-bit)
 Heap Region Size: 1M
 Heap Min Capacity: 8M
 Heap Initial Capacity: 124M
 Heap Max Capacity: 2G
 Pre-touch: Disabled
 Parallel Workers: 10
 Concurrent Workers: 3
 Concurrent Refinement Workers: 10
 Periodic GC: Disabled
Heap:
 garbage-first heap   total 196608K, used 114885K [0x0000000080000000, 0x0000000100000000)
  region size 1024K, 8 young (8192K), 1 survivors (1024K)
 Metaspace       used 109496K, committed 110272K, reserved 1179648K
  class space    used 14687K, committed 15040K, reserved 1048576K
GC Heap History (20 events):
Event: 14.286 GC heap before
{Heap before GC invocations=25 (full 0):
 garbage-first heap   total 136192K, used 103940K [0x0000000080000000, 0x0000000100000000)
  region size 1024K, 34 young (34816K), 1 survivors (1024K)
 Metaspace       used 64345K, committed 64960K, reserved 1114112K
  class space    used 8676K, committed 8960K, reserved 1048576K
}
Event: 14.291 GC heap after
{Heap after GC invocations=26 (full 0):
 garbage-first heap   total 196608K, used 75742K [0x0000000080000000, 0x0000000100000000)
  region size 1024K, 5 young (5120K), 5 survivors (5120K)
 Metaspace       used 64345K, committed 64960K, reserved 1114112K
  class space    used 8676K, committed 8960K, reserved 1048576K
}
Event: 16.006 GC heap before
{Heap before GC invocations=27 (full 0):
 garbage-first heap   total 196608K, used 140254K [0x0000000080000000, 0x0000000100000000)
  region size 1024K, 68 young (69632K), 5 survivors (5120K)
 Metaspace       used 72477K, committed 73088K, reserved 1114112K
  class space    used 9723K, committed 9984K, reserved 1048576K
}
Event: 16.011 GC heap after
{Heap after GC invocations=28 (full 0):
 garbage-first heap   total 196608K, used 78447K [0x0000000080000000, 0x0000000100000000)
  region size 1024K, 4 young (4096K), 4 survivors (4096K)
 Metaspace       used 72477K, committed 73088K, reserved 1114112K
  class space    used 9723K, committed 9984K, reserved 1048576K
}
Event: 16.164 GC heap before
{Heap before GC invocations=28 (full 0):
 garbage-first heap   total 196608K, used 83567K [0x0000000080000000, 0x0000000100000000)
  region size 1024K, 9 young (9216K), 4 survivors (4096K)
 Metaspace       used 73867K, committed 74432K, reserved 1114112K
  class space    used 10173K, committed 10432K, reserved 1048576K
}
Event: 16.167 GC heap after
{Heap after GC invocations=29 (full 0):
 garbage-first heap   total 196608K, used 78046K [0x0000000080000000, 0x0000000100000000)
  region size 1024K, 1 young (1024K), 1 survivors (1024K)
 Metaspace       used 73867K, committed 74432K, reserved 1114112K
  class space    used 10173K, committed 10432K, reserved 1048576K
}
Event: 17.349 GC heap before
{Heap before GC invocations=29 (full 0):
 garbage-first heap   total 196608K, used 145630K [0x0000000080000000, 0x0000000100000000)
  region size 1024K, 67 young (68608K), 1 survivors (1024K)
 Metaspace       used 82697K, committed 83328K, reserved 1179648K
  class space    used 11543K, committed 11840K, reserved 1048576K
}
Event: 17.354 GC heap after
{Heap after GC invocations=30 (full 0):
 garbage-first heap   total 196608K, used 79076K [0x0000000080000000, 0x0000000100000000)
  region size 1024K, 2 young (2048K), 2 survivors (2048K)
 Metaspace       used 82697K, committed 83328K, reserved 1179648K
  class space    used 11543K, committed 11840K, reserved 1048576K
}
Event: 18.472 GC heap before
{Heap before GC invocations=30 (full 0):
 garbage-first heap   total 196608K, used 159972K [0x0000000080000000, 0x0000000100000000)
  region size 1024K, 74 young (75776K), 2 survivors (2048K)
 Metaspace       used 88359K, committed 89088K, reserved 1179648K
  class space    used 12248K, committed 12608K, reserved 1048576K
}
Event: 18.483 GC heap after
{Heap after GC invocations=31 (full 0):
 garbage-first heap   total 196608K, used 89783K [0x0000000080000000, 0x0000000100000000)
  region size 1024K, 10 young (10240K), 10 survivors (10240K)
 Metaspace       used 88359K, committed 89088K, reserved 1179648K
  class space    used 12248K, committed 12608K, reserved 1048576K
}
Event: 19.628 GC heap before
{Heap before GC invocations=31 (full 0):
 garbage-first heap   total 196608K, used 159415K [0x0000000080000000, 0x0000000100000000)
  region size 1024K, 71 young (72704K), 10 survivors (10240K)
 Metaspace       used 95321K, committed 96064K, reserved 1179648K
  class space    used 13046K, committed 13376K, reserved 1048576K
}
Event: 19.640 GC heap after
{Heap after GC invocations=32 (full 0):
 garbage-first heap   total 196608K, used 102062K [0x0000000080000000, 0x0000000100000000)
  region size 1024K, 5 young (5120K), 5 survivors (5120K)
 Metaspace       used 95321K, committed 96064K, reserved 1179648K
  class space    used 13046K, committed 13376K, reserved 1048576K
}
Event: 20.652 GC heap before
{Heap before GC invocations=32 (full 0):
 garbage-first heap   total 196608K, used 155310K [0x0000000080000000, 0x0000000100000000)
  region size 1024K, 57 young (58368K), 5 survivors (5120K)
 Metaspace       used 101897K, committed 102592K, reserved 1179648K
  class space    used 13732K, committed 14080K, reserved 1048576K
}
Event: 20.656 GC heap after
{Heap after GC invocations=33 (full 0):
 garbage-first heap   total 196608K, used 104071K [0x0000000080000000, 0x0000000100000000)
  region size 1024K, 3 young (3072K), 3 survivors (3072K)
 Metaspace       used 101897K, committed 102592K, reserved 1179648K
  class space    used 13732K, committed 14080K, reserved 1048576K
}
Event: 21.416 GC heap before
{Heap before GC invocations=33 (full 0):
 garbage-first heap   total 196608K, used 148103K [0x0000000080000000, 0x0000000100000000)
  region size 1024K, 47 young (48128K), 3 survivors (3072K)
 Metaspace       used 107733K, committed 108416K, reserved 1179648K
  class space    used 14480K, committed 14784K, reserved 1048576K
}
Event: 21.425 GC heap after
{Heap after GC invocations=34 (full 0):
 garbage-first heap   total 196608K, used 105733K [0x0000000080000000, 0x0000000100000000)
  region size 1024K, 4 young (4096K), 4 survivors (4096K)
 Metaspace       used 107733K, committed 108416K, reserved 1179648K
  class space    used 14480K, committed 14784K, reserved 1048576K
}
Event: 22.175 GC heap before
{Heap before GC invocations=35 (full 0):
 garbage-first heap   total 196608K, used 161029K [0x0000000080000000, 0x0000000100000000)
  region size 1024K, 57 young (58368K), 4 survivors (4096K)
 Metaspace       used 108783K, committed 109504K, reserved 1179648K
  class space    used 14608K, committed 14912K, reserved 1048576K
}
Event: 22.181 GC heap after
{Heap after GC invocations=36 (full 0):
 garbage-first heap   total 196608K, used 109405K [0x0000000080000000, 0x0000000100000000)
  region size 1024K, 8 young (8192K), 8 survivors (8192K)
 Metaspace       used 108783K, committed 109504K, reserved 1179648K
  class space    used 14608K, committed 14912K, reserved 1048576K
}
Event: 22.195 GC heap before
{Heap before GC invocations=36 (full 0):
 garbage-first heap   total 196608K, used 110429K [0x0000000080000000, 0x0000000100000000)
  region size 1024K, 9 young (9216K), 8 survivors (8192K)
 Metaspace       used 108812K, committed 109568K, reserved 1179648K
  class space    used 14610K, committed 14976K, reserved 1048576K
}
Event: 22.200 GC heap after
{Heap after GC invocations=37 (full 0):
 garbage-first heap   total 196608K, used 108741K [0x0000000080000000, 0x0000000100000000)
  region size 1024K, 1 young (1024K), 1 survivors (1024K)
 Metaspace       used 108812K, committed 109568K, reserved 1179648K
  class space    used 14610K, committed 14976K, reserved 1048576K
}

