# JRE version: OpenJDK Runtime Environment (17.0.11) (build 17.0.11+0--11852314)
# Java VM: OpenJDK 64-Bit Server VM (17.0.11+0--11852314, mixed mode, tiered, compressed oops, compressed class ptrs, g1 gc, windows-amd64)
GC Precious Log:
 CPUs: 12 total, 12 available
 Memory: 7916M
 Large Page Support: Disabled
 NUMA Support: Disabled
 Compressed Oops: Enabled (32-bit)
 Heap Region Size: 1M
 Heap Min Capacity: 8M
 Heap Initial Capacity: 124M
 Heap Max Capacity: 2G
 Pre-touch: Disabled
 Parallel Workers: 10
 Concurrent Workers: 3
 Concurrent Refinement Workers: 10
 Periodic GC: Disabled
Heap:
 garbage-first heap   total 198656K, used 95257K [0x0000000080000000, 0x0000000100000000)
  region size 1024K, 10 young (10240K), 10 survivors (10240K)
 Metaspace       used 98162K, committed 98944K, reserved 1179648K
  class space    used 13602K, committed 14016K, reserved 1048576K
GC Heap History (20 events):
Event: 5.093 GC heap after
{Heap after GC invocations=22 (full 0):
 garbage-first heap   total 198656K, used 52428K [0x0000000080000000, 0x0000000100000000)
  region size 1024K, 1 young (1024K), 1 survivors (1024K)
 Metaspace       used 58238K, committed 58816K, reserved 1114112K
  class space    used 7998K, committed 8256K, reserved 1048576K
}
Event: 5.585 GC heap before
{Heap before GC invocations=22 (full 0):
 garbage-first heap   total 198656K, used 108748K [0x0000000080000000, 0x0000000100000000)
  region size 1024K, 56 young (57344K), 1 survivors (1024K)
 Metaspace       used 63524K, committed 64128K, reserved 1114112K
  class space    used 8629K, committed 8896K, reserved 1048576K
}
Event: 5.587 GC heap after
{Heap after GC invocations=23 (full 0):
 garbage-first heap   total 198656K, used 53770K [0x0000000080000000, 0x0000000100000000)
  region size 1024K, 2 young (2048K), 2 survivors (2048K)
 Metaspace       used 63524K, committed 64128K, reserved 1114112K
  class space    used 8629K, committed 8896K, reserved 1048576K
}
Event: 6.308 GC heap before
{Heap before GC invocations=23 (full 0):
 garbage-first heap   total 198656K, used 133642K [0x0000000080000000, 0x0000000100000000)
  region size 1024K, 75 young (76800K), 2 survivors (2048K)
 Metaspace       used 69668K, committed 70272K, reserved 1114112K
  class space    used 9477K, committed 9792K, reserved 1048576K
}
Event: 6.314 GC heap after
{Heap after GC invocations=24 (full 0):
 garbage-first heap   total 198656K, used 60761K [0x0000000080000000, 0x0000000100000000)
  region size 1024K, 8 young (8192K), 8 survivors (8192K)
 Metaspace       used 69668K, committed 70272K, reserved 1114112K
  class space    used 9477K, committed 9792K, reserved 1048576K
}
Event: 6.902 GC heap before
{Heap before GC invocations=24 (full 0):
 garbage-first heap   total 198656K, used 132441K [0x0000000080000000, 0x0000000100000000)
  region size 1024K, 79 young (80896K), 8 survivors (8192K)
 Metaspace       used 75391K, committed 76032K, reserved 1179648K
  class space    used 10262K, committed 10560K, reserved 1048576K
}
Event: 6.912 GC heap after
{Heap after GC invocations=25 (full 0):
 garbage-first heap   total 198656K, used 65985K [0x0000000080000000, 0x0000000100000000)
  region size 1024K, 6 young (6144K), 6 survivors (6144K)
 Metaspace       used 75391K, committed 76032K, reserved 1179648K
  class space    used 10262K, committed 10560K, reserved 1048576K
}
Event: 7.551 GC heap before
{Heap before GC invocations=25 (full 0):
 garbage-first heap   total 198656K, used 140737K [0x0000000080000000, 0x0000000100000000)
  region size 1024K, 78 young (79872K), 6 survivors (6144K)
 Metaspace       used 80596K, committed 81216K, reserved 1179648K
  class space    used 11156K, committed 11456K, reserved 1048576K
}
Event: 7.556 GC heap after
{Heap after GC invocations=26 (full 0):
 garbage-first heap   total 198656K, used 67668K [0x0000000080000000, 0x0000000100000000)
  region size 1024K, 7 young (7168K), 7 survivors (7168K)
 Metaspace       used 80596K, committed 81216K, reserved 1179648K
  class space    used 11156K, committed 11456K, reserved 1048576K
}
Event: 8.590 GC heap before
{Heap before GC invocations=26 (full 0):
 garbage-first heap   total 198656K, used 146516K [0x0000000080000000, 0x0000000100000000)
  region size 1024K, 84 young (86016K), 7 survivors (7168K)
 Metaspace       used 86493K, committed 87104K, reserved 1179648K
  class space    used 12041K, committed 12352K, reserved 1048576K
}
Event: 8.600 GC heap after
{Heap after GC invocations=27 (full 0):
 garbage-first heap   total 198656K, used 72329K [0x0000000080000000, 0x0000000100000000)
  region size 1024K, 7 young (7168K), 7 survivors (7168K)
 Metaspace       used 86493K, committed 87104K, reserved 1179648K
  class space    used 12041K, committed 12352K, reserved 1048576K
}
Event: 10.230 GC heap before
{Heap before GC invocations=27 (full 0):
 garbage-first heap   total 198656K, used 150153K [0x0000000080000000, 0x0000000100000000)
  region size 1024K, 83 young (84992K), 7 survivors (7168K)
 Metaspace       used 92459K, committed 93120K, reserved 1179648K
  class space    used 12920K, committed 13248K, reserved 1048576K
}
Event: 10.241 GC heap after
{Heap after GC invocations=28 (full 0):
 garbage-first heap   total 198656K, used 77206K [0x0000000080000000, 0x0000000100000000)
  region size 1024K, 10 young (10240K), 10 survivors (10240K)
 Metaspace       used 92459K, committed 93120K, reserved 1179648K
  class space    used 12920K, committed 13248K, reserved 1048576K
}
Event: 11.227 GC heap before
{Heap before GC invocations=28 (full 0):
 garbage-first heap   total 198656K, used 113046K [0x0000000080000000, 0x0000000100000000)
  region size 1024K, 42 young (43008K), 10 survivors (10240K)
 Metaspace       used 95453K, committed 96128K, reserved 1179648K
  class space    used 13309K, committed 13632K, reserved 1048576K
}
Event: 11.235 GC heap after
{Heap after GC invocations=29 (full 0):
 garbage-first heap   total 198656K, used 80378K [0x0000000080000000, 0x0000000100000000)
  region size 1024K, 8 young (8192K), 8 survivors (8192K)
 Metaspace       used 95453K, committed 96128K, reserved 1179648K
  class space    used 13309K, committed 13632K, reserved 1048576K
}
Event: 11.522 GC heap before
{Heap before GC invocations=30 (full 0):
 garbage-first heap   total 198656K, used 156154K [0x0000000080000000, 0x0000000100000000)
  region size 1024K, 83 young (84992K), 8 survivors (8192K)
 Metaspace       used 95676K, committed 96384K, reserved 1179648K
  class space    used 13342K, committed 13696K, reserved 1048576K
}
Event: 11.530 GC heap after
{Heap after GC invocations=31 (full 0):
 garbage-first heap   total 198656K, used 84352K [0x0000000080000000, 0x0000000100000000)
  region size 1024K, 8 young (8192K), 8 survivors (8192K)
 Metaspace       used 95676K, committed 96384K, reserved 1179648K
  class space    used 13342K, committed 13696K, reserved 1048576K
}
Event: 11.535 GC heap before
{Heap before GC invocations=31 (full 0):
 garbage-first heap   total 198656K, used 85376K [0x0000000080000000, 0x0000000100000000)
  region size 1024K, 9 young (9216K), 8 survivors (8192K)
 Metaspace       used 95679K, committed 96384K, reserved 1179648K
  class space    used 13342K, committed 13696K, reserved 1048576K
}
Event: 11.539 GC heap after
{Heap after GC invocations=32 (full 0):
 garbage-first heap   total 198656K, used 83809K [0x0000000080000000, 0x0000000100000000)
  region size 1024K, 2 young (2048K), 2 survivors (2048K)
 Metaspace       used 95679K, committed 96384K, reserved 1179648K
  class space    used 13342K, committed 13696K, reserved 1048576K
}
Event: 12.604 GC heap before
{Heap before GC invocations=32 (full 0):
 garbage-first heap   total 198656K, used 157537K [0x0000000080000000, 0x0000000100000000)
  region size 1024K, 75 young (76800K), 2 survivors (2048K)
 Metaspace       used 98162K, committed 98944K, reserved 1179648K
  class space    used 13602K, committed 14016K, reserved 1048576K
}

