# JRE version: OpenJDK Runtime Environment (17.0.11) (build 17.0.11+0--11852314)
# Java VM: OpenJDK 64-Bit Server VM (17.0.11+0--11852314, mixed mode, tiered, compressed oops, compressed class ptrs, g1 gc, windows-amd64)
GC Precious Log:
 CPUs: 12 total, 12 available
 Memory: 7916M
 Large Page Support: Disabled
 NUMA Support: Disabled
 Compressed Oops: Enabled (32-bit)
 Heap Region Size: 1M
 Heap Min Capacity: 8M
 Heap Initial Capacity: 124M
 Heap Max Capacity: 2G
 Pre-touch: Disabled
 Parallel Workers: 10
 Concurrent Workers: 3
 Concurrent Refinement Workers: 10
 Periodic GC: Disabled
Heap:
 garbage-first heap   total 362496K, used 215305K [0x0000000080000000, 0x0000000100000000)
  region size 1024K, 3 young (3072K), 3 survivors (3072K)
 Metaspace       used 117538K, committed 118400K, reserved 1179648K
  class space    used 16150K, committed 16576K, reserved 1048576K
GC Heap History (20 events):
Event: 15.084 GC heap after
{Heap after GC invocations=36 (full 0):
 garbage-first heap   total 287744K, used 138137K [0x0000000080000000, 0x0000000100000000)
  region size 1024K, 11 young (11264K), 11 survivors (11264K)
 Metaspace       used 107563K, committed 108352K, reserved 1179648K
  class space    used 14588K, committed 14976K, reserved 1048576K
}
Event: 15.556 GC heap before
{Heap before GC invocations=36 (full 0):
 garbage-first heap   total 287744K, used 231321K [0x0000000080000000, 0x0000000100000000)
  region size 1024K, 103 young (105472K), 11 survivors (11264K)
 Metaspace       used 108610K, committed 109440K, reserved 1179648K
  class space    used 14702K, committed 15104K, reserved 1048576K
}
Event: 15.569 GC heap after
{Heap after GC invocations=37 (full 0):
 garbage-first heap   total 287744K, used 146005K [0x0000000080000000, 0x0000000100000000)
  region size 1024K, 13 young (13312K), 13 survivors (13312K)
 Metaspace       used 108610K, committed 109440K, reserved 1179648K
  class space    used 14702K, committed 15104K, reserved 1048576K
}
Event: 15.643 GC heap before
{Heap before GC invocations=37 (full 0):
 garbage-first heap   total 287744K, used 173653K [0x0000000080000000, 0x0000000100000000)
  region size 1024K, 41 young (41984K), 13 survivors (13312K)
 Metaspace       used 108722K, committed 109632K, reserved 1179648K
  class space    used 14718K, committed 15168K, reserved 1048576K
}
Event: 15.652 GC heap after
{Heap after GC invocations=38 (full 0):
 garbage-first heap   total 346112K, used 149408K [0x0000000080000000, 0x0000000100000000)
  region size 1024K, 5 young (5120K), 5 survivors (5120K)
 Metaspace       used 108722K, committed 109632K, reserved 1179648K
  class space    used 14718K, committed 15168K, reserved 1048576K
}
Event: 15.751 GC heap before
{Heap before GC invocations=38 (full 0):
 garbage-first heap   total 346112K, used 184224K [0x0000000080000000, 0x0000000100000000)
  region size 1024K, 31 young (31744K), 5 survivors (5120K)
 Metaspace       used 109608K, committed 110464K, reserved 1179648K
  class space    used 14827K, committed 15296K, reserved 1048576K
}
Event: 15.759 GC heap after
{Heap after GC invocations=39 (full 0):
 garbage-first heap   total 346112K, used 167798K [0x0000000080000000, 0x0000000100000000)
  region size 1024K, 13 young (13312K), 13 survivors (13312K)
 Metaspace       used 109608K, committed 110464K, reserved 1179648K
  class space    used 14827K, committed 15296K, reserved 1048576K
}
Event: 15.773 GC heap before
{Heap before GC invocations=39 (full 0):
 garbage-first heap   total 346112K, used 172918K [0x0000000080000000, 0x0000000100000000)
  region size 1024K, 17 young (17408K), 13 survivors (13312K)
 Metaspace       used 109713K, committed 110592K, reserved 1179648K
  class space    used 14840K, committed 15296K, reserved 1048576K
}
Event: 15.778 GC heap after
{Heap after GC invocations=40 (full 0):
 garbage-first heap   total 346112K, used 172444K [0x0000000080000000, 0x0000000100000000)
  region size 1024K, 3 young (3072K), 3 survivors (3072K)
 Metaspace       used 109713K, committed 110592K, reserved 1179648K
  class space    used 14840K, committed 15296K, reserved 1048576K
}
Event: 16.355 GC heap before
{Heap before GC invocations=41 (full 0):
 garbage-first heap   total 346112K, used 261532K [0x0000000080000000, 0x0000000100000000)
  region size 1024K, 101 young (103424K), 3 survivors (3072K)
 Metaspace       used 112382K, committed 113216K, reserved 1179648K
  class space    used 15201K, committed 15616K, reserved 1048576K
}
Event: 16.364 GC heap after
{Heap after GC invocations=42 (full 0):
 garbage-first heap   total 346112K, used 168876K [0x0000000080000000, 0x0000000100000000)
  region size 1024K, 9 young (9216K), 9 survivors (9216K)
 Metaspace       used 112382K, committed 113216K, reserved 1179648K
  class space    used 15201K, committed 15616K, reserved 1048576K
}
Event: 16.389 GC heap before
{Heap before GC invocations=42 (full 0):
 garbage-first heap   total 346112K, used 175020K [0x0000000080000000, 0x0000000100000000)
  region size 1024K, 16 young (16384K), 9 survivors (9216K)
 Metaspace       used 112457K, committed 113280K, reserved 1179648K
  class space    used 15216K, committed 15616K, reserved 1048576K
}
Event: 16.394 GC heap after
{Heap after GC invocations=43 (full 0):
 garbage-first heap   total 346112K, used 151008K [0x0000000080000000, 0x0000000100000000)
  region size 1024K, 2 young (2048K), 2 survivors (2048K)
 Metaspace       used 112457K, committed 113280K, reserved 1179648K
  class space    used 15216K, committed 15616K, reserved 1048576K
}
Event: 17.184 GC heap before
{Heap before GC invocations=43 (full 0):
 garbage-first heap   total 346112K, used 318944K [0x0000000080000000, 0x0000000100000000)
  region size 1024K, 117 young (119808K), 2 survivors (2048K)
 Metaspace       used 114814K, committed 115648K, reserved 1179648K
  class space    used 15543K, committed 15936K, reserved 1048576K
}
Event: 17.204 GC heap after
{Heap after GC invocations=44 (full 0):
 garbage-first heap   total 346112K, used 190481K [0x0000000080000000, 0x0000000100000000)
  region size 1024K, 15 young (15360K), 15 survivors (15360K)
 Metaspace       used 114814K, committed 115648K, reserved 1179648K
  class space    used 15543K, committed 15936K, reserved 1048576K
}
Event: 17.369 GC heap before
{Heap before GC invocations=44 (full 0):
 garbage-first heap   total 346112K, used 215057K [0x0000000080000000, 0x0000000100000000)
  region size 1024K, 41 young (41984K), 15 survivors (15360K)
 Metaspace       used 114851K, committed 115712K, reserved 1179648K
  class space    used 15553K, committed 16000K, reserved 1048576K
}
Event: 17.385 GC heap after
{Heap after GC invocations=45 (full 0):
 garbage-first heap   total 346112K, used 201163K [0x0000000080000000, 0x0000000100000000)
  region size 1024K, 11 young (11264K), 11 survivors (11264K)
 Metaspace       used 114851K, committed 115712K, reserved 1179648K
  class space    used 15553K, committed 16000K, reserved 1048576K
}
Event: 17.749 GC heap before
{Heap before GC invocations=46 (full 0):
 garbage-first heap   total 362496K, used 264651K [0x0000000080000000, 0x0000000100000000)
  region size 1024K, 70 young (71680K), 11 survivors (11264K)
 Metaspace       used 117447K, committed 118336K, reserved 1179648K
  class space    used 16140K, committed 16576K, reserved 1048576K
}
Event: 17.773 GC heap after
{Heap after GC invocations=47 (full 0):
 garbage-first heap   total 362496K, used 222014K [0x0000000080000000, 0x0000000100000000)
  region size 1024K, 9 young (9216K), 9 survivors (9216K)
 Metaspace       used 117447K, committed 118336K, reserved 1179648K
  class space    used 16140K, committed 16576K, reserved 1048576K
}
Event: 17.802 GC heap before
{Heap before GC invocations=47 (full 0):
 garbage-first heap   total 362496K, used 229182K [0x0000000080000000, 0x0000000100000000)
  region size 1024K, 17 young (17408K), 9 survivors (9216K)
 Metaspace       used 117538K, committed 118400K, reserved 1179648K
  class space    used 16150K, committed 16576K, reserved 1048576K
}

