# JRE version: OpenJDK Runtime Environment (17.0.11) (build 17.0.11+0--11852314)
# Java VM: OpenJDK 64-Bit Server VM (17.0.11+0--11852314, mixed mode, tiered, compressed oops, compressed class ptrs, g1 gc, windows-amd64)
GC Precious Log:
 CPUs: 12 total, 12 available
 Memory: 7916M
 Large Page Support: Disabled
 NUMA Support: Disabled
 Compressed Oops: Enabled (32-bit)
 Heap Region Size: 1M
 Heap Min Capacity: 8M
 Heap Initial Capacity: 124M
 Heap Max Capacity: 2G
 Pre-touch: Disabled
 Parallel Workers: 10
 Concurrent Workers: 3
 Concurrent Refinement Workers: 10
 Periodic GC: Disabled
Heap:
 garbage-first heap   total 318464K, used 246784K [0x0000000080000000, 0x0000000100000000)
  region size 1024K, 4 young (4096K), 4 survivors (4096K)
 Metaspace       used 105781K, committed 106496K, reserved 1179648K
  class space    used 14858K, committed 15168K, reserved 1048576K
GC Heap History (20 events):
Event: 8.532 GC heap after
{Heap after GC invocations=30 (full 0):
 garbage-first heap   total 150528K, used 79486K [0x0000000080000000, 0x0000000100000000)
  region size 1024K, 7 young (7168K), 7 survivors (7168K)
 Metaspace       used 93591K, committed 94272K, reserved 1179648K
  class space    used 13149K, committed 13504K, reserved 1048576K
}
Event: 8.696 GC heap before
{Heap before GC invocations=31 (full 0):
 garbage-first heap   total 150528K, used 122494K [0x0000000080000000, 0x0000000100000000)
  region size 1024K, 50 young (51200K), 7 survivors (7168K)
 Metaspace       used 93670K, committed 94400K, reserved 1179648K
  class space    used 13151K, committed 13504K, reserved 1048576K
}
Event: 8.703 GC heap after
{Heap after GC invocations=32 (full 0):
 garbage-first heap   total 150528K, used 82121K [0x0000000080000000, 0x0000000100000000)
  region size 1024K, 4 young (4096K), 4 survivors (4096K)
 Metaspace       used 93670K, committed 94400K, reserved 1179648K
  class space    used 13151K, committed 13504K, reserved 1048576K
}
Event: 8.713 GC heap before
{Heap before GC invocations=32 (full 0):
 garbage-first heap   total 150528K, used 85193K [0x0000000080000000, 0x0000000100000000)
  region size 1024K, 7 young (7168K), 4 survivors (4096K)
 Metaspace       used 93681K, committed 94400K, reserved 1179648K
  class space    used 13151K, committed 13504K, reserved 1048576K
}
Event: 8.715 GC heap after
{Heap after GC invocations=33 (full 0):
 garbage-first heap   total 150528K, used 81316K [0x0000000080000000, 0x0000000100000000)
  region size 1024K, 1 young (1024K), 1 survivors (1024K)
 Metaspace       used 93681K, committed 94400K, reserved 1179648K
  class space    used 13151K, committed 13504K, reserved 1048576K
}
Event: 9.058 GC heap before
{Heap before GC invocations=33 (full 0):
 garbage-first heap   total 150528K, used 122276K [0x0000000080000000, 0x0000000100000000)
  region size 1024K, 42 young (43008K), 1 survivors (1024K)
 Metaspace       used 94060K, committed 94784K, reserved 1179648K
  class space    used 13190K, committed 13504K, reserved 1048576K
}
Event: 9.063 GC heap after
{Heap after GC invocations=34 (full 0):
 garbage-first heap   total 296960K, used 84511K [0x0000000080000000, 0x0000000100000000)
  region size 1024K, 5 young (5120K), 5 survivors (5120K)
 Metaspace       used 94060K, committed 94784K, reserved 1179648K
  class space    used 13190K, committed 13504K, reserved 1048576K
}
Event: 10.020 GC heap before
{Heap before GC invocations=35 (full 0):
 garbage-first heap   total 296960K, used 237087K [0x0000000080000000, 0x0000000100000000)
  region size 1024K, 150 young (153600K), 5 survivors (5120K)
 Metaspace       used 98020K, committed 98752K, reserved 1179648K
  class space    used 13585K, committed 13952K, reserved 1048576K
}
Event: 10.028 GC heap after
{Heap after GC invocations=36 (full 0):
 garbage-first heap   total 296960K, used 90348K [0x0000000080000000, 0x0000000100000000)
  region size 1024K, 10 young (10240K), 10 survivors (10240K)
 Metaspace       used 98020K, committed 98752K, reserved 1179648K
  class space    used 13585K, committed 13952K, reserved 1048576K
}
Event: 10.070 GC heap before
{Heap before GC invocations=36 (full 0):
 garbage-first heap   total 296960K, used 93420K [0x0000000080000000, 0x0000000100000000)
  region size 1024K, 14 young (14336K), 10 survivors (10240K)
 Metaspace       used 98025K, committed 98752K, reserved 1179648K
  class space    used 13586K, committed 13952K, reserved 1048576K
}
Event: 10.076 GC heap after
{Heap after GC invocations=37 (full 0):
 garbage-first heap   total 296960K, used 89793K [0x0000000080000000, 0x0000000100000000)
  region size 1024K, 2 young (2048K), 2 survivors (2048K)
 Metaspace       used 98025K, committed 98752K, reserved 1179648K
  class space    used 13586K, committed 13952K, reserved 1048576K
}
Event: 10.669 GC heap before
{Heap before GC invocations=37 (full 0):
 garbage-first heap   total 296960K, used 276161K [0x0000000080000000, 0x0000000100000000)
  region size 1024K, 138 young (141312K), 2 survivors (2048K)
 Metaspace       used 102387K, committed 103104K, reserved 1179648K
  class space    used 14192K, committed 14528K, reserved 1048576K
}
Event: 10.678 GC heap after
{Heap after GC invocations=38 (full 0):
 garbage-first heap   total 300032K, used 144229K [0x0000000080000000, 0x0000000100000000)
  region size 1024K, 18 young (18432K), 18 survivors (18432K)
 Metaspace       used 102387K, committed 103104K, reserved 1179648K
  class space    used 14192K, committed 14528K, reserved 1048576K
}
Event: 11.075 GC heap before
{Heap before GC invocations=38 (full 0):
 garbage-first heap   total 300032K, used 263013K [0x0000000080000000, 0x0000000100000000)
  region size 1024K, 113 young (115712K), 18 survivors (18432K)
 Metaspace       used 102980K, committed 103744K, reserved 1179648K
  class space    used 14282K, committed 14656K, reserved 1048576K
}
Event: 11.114 GC heap after
{Heap after GC invocations=39 (full 0):
 garbage-first heap   total 318464K, used 187947K [0x0000000080000000, 0x0000000100000000)
  region size 1024K, 15 young (15360K), 15 survivors (15360K)
 Metaspace       used 102980K, committed 103744K, reserved 1179648K
  class space    used 14282K, committed 14656K, reserved 1048576K
}
Event: 11.342 GC heap before
{Heap before GC invocations=39 (full 0):
 garbage-first heap   total 318464K, used 247339K [0x0000000080000000, 0x0000000100000000)
  region size 1024K, 74 young (75776K), 15 survivors (15360K)
 Metaspace       used 105684K, committed 106368K, reserved 1179648K
  class space    used 14851K, committed 15168K, reserved 1048576K
}
Event: 11.369 GC heap after
{Heap after GC invocations=40 (full 0):
 garbage-first heap   total 318464K, used 211560K [0x0000000080000000, 0x0000000100000000)
  region size 1024K, 10 young (10240K), 10 survivors (10240K)
 Metaspace       used 105684K, committed 106368K, reserved 1179648K
  class space    used 14851K, committed 15168K, reserved 1048576K
}
Event: 11.441 GC heap before
{Heap before GC invocations=40 (full 0):
 garbage-first heap   total 318464K, used 249448K [0x0000000080000000, 0x0000000100000000)
  region size 1024K, 48 young (49152K), 10 survivors (10240K)
 Metaspace       used 105773K, committed 106496K, reserved 1179648K
  class space    used 14858K, committed 15168K, reserved 1048576K
}
Event: 11.461 GC heap after
{Heap after GC invocations=41 (full 0):
 garbage-first heap   total 318464K, used 232923K [0x0000000080000000, 0x0000000100000000)
  region size 1024K, 6 young (6144K), 6 survivors (6144K)
 Metaspace       used 105773K, committed 106496K, reserved 1179648K
  class space    used 14858K, committed 15168K, reserved 1048576K
}
Event: 11.501 GC heap before
{Heap before GC invocations=41 (full 0):
 garbage-first heap   total 318464K, used 257499K [0x0000000080000000, 0x0000000100000000)
  region size 1024K, 30 young (30720K), 6 survivors (6144K)
 Metaspace       used 105781K, committed 106496K, reserved 1179648K
  class space    used 14858K, committed 15168K, reserved 1048576K
}

