# JRE version: OpenJDK Runtime Environment (17.0.11) (build 17.0.11+0--11852314)
# Java VM: OpenJDK 64-Bit Server VM (17.0.11+0--11852314, mixed mode, tiered, compressed oops, compressed class ptrs, g1 gc, windows-amd64)
GC Precious Log:
 CPUs: 12 total, 12 available
 Memory: 7916M
 Large Page Support: Disabled
 NUMA Support: Disabled
 Compressed Oops: Enabled (32-bit)
 Heap Region Size: 1M
 Heap Min Capacity: 8M
 Heap Initial Capacity: 124M
 Heap Max Capacity: 2G
 Pre-touch: Disabled
 Parallel Workers: 10
 Concurrent Workers: 3
 Concurrent Refinement Workers: 10
 Periodic GC: Disabled
Heap:
 garbage-first heap   total 141312K, used 71638K [0x0000000080000000, 0x0000000100000000)
  region size 1024K, 6 young (6144K), 2 survivors (2048K)
 Metaspace       used 52289K, committed 52800K, reserved 1114112K
  class space    used 6985K, committed 7232K, reserved 1048576K
GC Heap History (20 events):
Event: 3.951 GC heap before
{Heap before GC invocations=6 (full 0):
 garbage-first heap   total 71680K, used 49285K [0x0000000080000000, 0x0000000100000000)
  region size 1024K, 21 young (21504K), 4 survivors (4096K)
 Metaspace       used 32085K, committed 32448K, reserved 1114112K
  class space    used 4349K, committed 4480K, reserved 1048576K
}
Event: 3.956 GC heap after
{Heap after GC invocations=7 (full 0):
 garbage-first heap   total 71680K, used 37831K [0x0000000080000000, 0x0000000100000000)
  region size 1024K, 4 young (4096K), 4 survivors (4096K)
 Metaspace       used 32085K, committed 32448K, reserved 1114112K
  class space    used 4349K, committed 4480K, reserved 1048576K
}
Event: 4.370 GC heap before
{Heap before GC invocations=8 (full 0):
 garbage-first heap   total 71680K, used 54215K [0x0000000080000000, 0x0000000100000000)
  region size 1024K, 20 young (20480K), 4 survivors (4096K)
 Metaspace       used 34260K, committed 34624K, reserved 1114112K
  class space    used 4692K, committed 4864K, reserved 1048576K
}
Event: 4.374 GC heap after
{Heap after GC invocations=9 (full 0):
 garbage-first heap   total 71680K, used 40304K [0x0000000080000000, 0x0000000100000000)
  region size 1024K, 1 young (1024K), 1 survivors (1024K)
 Metaspace       used 34260K, committed 34624K, reserved 1114112K
  class space    used 4692K, committed 4864K, reserved 1048576K
}
Event: 4.581 GC heap before
{Heap before GC invocations=9 (full 0):
 garbage-first heap   total 71680K, used 55664K [0x0000000080000000, 0x0000000100000000)
  region size 1024K, 16 young (16384K), 1 survivors (1024K)
 Metaspace       used 36058K, committed 36416K, reserved 1114112K
  class space    used 4985K, committed 5120K, reserved 1048576K
}
Event: 4.584 GC heap after
{Heap after GC invocations=10 (full 0):
 garbage-first heap   total 71680K, used 40991K [0x0000000080000000, 0x0000000100000000)
  region size 1024K, 2 young (2048K), 2 survivors (2048K)
 Metaspace       used 36058K, committed 36416K, reserved 1114112K
  class space    used 4985K, committed 5120K, reserved 1048576K
}
Event: 4.798 GC heap before
{Heap before GC invocations=11 (full 0):
 garbage-first heap   total 71680K, used 57375K [0x0000000080000000, 0x0000000100000000)
  region size 1024K, 18 young (18432K), 2 survivors (2048K)
 Metaspace       used 38483K, committed 38912K, reserved 1114112K
  class space    used 5374K, committed 5568K, reserved 1048576K
}
Event: 4.801 GC heap after
{Heap after GC invocations=12 (full 0):
 garbage-first heap   total 100352K, used 41848K [0x0000000080000000, 0x0000000100000000)
  region size 1024K, 3 young (3072K), 3 survivors (3072K)
 Metaspace       used 38483K, committed 38912K, reserved 1114112K
  class space    used 5374K, committed 5568K, reserved 1048576K
}
Event: 5.343 GC heap before
{Heap before GC invocations=12 (full 0):
 garbage-first heap   total 100352K, used 77688K [0x0000000080000000, 0x0000000100000000)
  region size 1024K, 39 young (39936K), 3 survivors (3072K)
 Metaspace       used 44552K, committed 44992K, reserved 1114112K
  class space    used 6033K, committed 6208K, reserved 1048576K
}
Event: 5.348 GC heap after
{Heap after GC invocations=13 (full 0):
 garbage-first heap   total 100352K, used 45968K [0x0000000080000000, 0x0000000100000000)
  region size 1024K, 5 young (5120K), 5 survivors (5120K)
 Metaspace       used 44552K, committed 44992K, reserved 1114112K
  class space    used 6033K, committed 6208K, reserved 1048576K
}
Event: 5.478 GC heap before
{Heap before GC invocations=13 (full 0):
 garbage-first heap   total 100352K, used 62352K [0x0000000080000000, 0x0000000100000000)
  region size 1024K, 20 young (20480K), 5 survivors (5120K)
 Metaspace       used 45055K, committed 45440K, reserved 1114112K
  class space    used 6082K, committed 6272K, reserved 1048576K
}
Event: 5.483 GC heap after
{Heap after GC invocations=14 (full 0):
 garbage-first heap   total 100352K, used 50079K [0x0000000080000000, 0x0000000100000000)
  region size 1024K, 2 young (2048K), 2 survivors (2048K)
 Metaspace       used 45055K, committed 45440K, reserved 1114112K
  class space    used 6082K, committed 6272K, reserved 1048576K
}
Event: 5.848 GC heap before
{Heap before GC invocations=15 (full 0):
 garbage-first heap   total 100352K, used 80799K [0x0000000080000000, 0x0000000100000000)
  region size 1024K, 30 young (30720K), 2 survivors (2048K)
 Metaspace       used 48973K, committed 49408K, reserved 1114112K
  class space    used 6599K, committed 6784K, reserved 1048576K
}
Event: 5.851 GC heap after
{Heap after GC invocations=16 (full 0):
 garbage-first heap   total 100352K, used 49762K [0x0000000080000000, 0x0000000100000000)
  region size 1024K, 4 young (4096K), 4 survivors (4096K)
 Metaspace       used 48973K, committed 49408K, reserved 1114112K
  class space    used 6599K, committed 6784K, reserved 1048576K
}
Event: 6.059 GC heap before
{Heap before GC invocations=16 (full 0):
 garbage-first heap   total 100352K, used 63074K [0x0000000080000000, 0x0000000100000000)
  region size 1024K, 18 young (18432K), 4 survivors (4096K)
 Metaspace       used 50074K, committed 50496K, reserved 1114112K
  class space    used 6789K, committed 6976K, reserved 1048576K
}
Event: 6.063 GC heap after
{Heap after GC invocations=17 (full 0):
 garbage-first heap   total 100352K, used 52226K [0x0000000080000000, 0x0000000100000000)
  region size 1024K, 5 young (5120K), 5 survivors (5120K)
 Metaspace       used 50074K, committed 50496K, reserved 1114112K
  class space    used 6789K, committed 6976K, reserved 1048576K
}
Event: 6.248 GC heap before
{Heap before GC invocations=18 (full 0):
 garbage-first heap   total 100352K, used 65538K [0x0000000080000000, 0x0000000100000000)
  region size 1024K, 12 young (12288K), 5 survivors (5120K)
 Metaspace       used 50333K, committed 50816K, reserved 1114112K
  class space    used 6837K, committed 7040K, reserved 1048576K
}
Event: 6.252 GC heap after
{Heap after GC invocations=19 (full 0):
 garbage-first heap   total 100352K, used 62783K [0x0000000080000000, 0x0000000100000000)
  region size 1024K, 3 young (3072K), 3 survivors (3072K)
 Metaspace       used 50333K, committed 50816K, reserved 1114112K
  class space    used 6837K, committed 7040K, reserved 1048576K
}
Event: 6.499 GC heap before
{Heap before GC invocations=20 (full 0):
 garbage-first heap   total 117760K, used 81215K [0x0000000080000000, 0x0000000100000000)
  region size 1024K, 15 young (15360K), 3 survivors (3072K)
 Metaspace       used 52075K, committed 52544K, reserved 1114112K
  class space    used 6956K, committed 7168K, reserved 1048576K
}
Event: 6.503 GC heap after
{Heap after GC invocations=21 (full 0):
 garbage-first heap   total 141312K, used 69590K [0x0000000080000000, 0x0000000100000000)
  region size 1024K, 2 young (2048K), 2 survivors (2048K)
 Metaspace       used 52075K, committed 52544K, reserved 1114112K
  class space    used 6956K, committed 7168K, reserved 1048576K
}

