# JRE version: OpenJDK Runtime Environment (17.0.11) (build 17.0.11+0--11852314)
# Java VM: OpenJDK 64-Bit Server VM (17.0.11+0--11852314, mixed mode, tiered, compressed oops, compressed class ptrs, g1 gc, windows-amd64)
GC Precious Log:
 CPUs: 12 total, 12 available
 Memory: 7916M
 Large Page Support: Disabled
 NUMA Support: Disabled
 Compressed Oops: Enabled (32-bit)
 Heap Region Size: 1M
 Heap Min Capacity: 8M
 Heap Initial Capacity: 124M
 Heap Max Capacity: 2G
 Pre-touch: Disabled
 Parallel Workers: 10
 Concurrent Workers: 3
 Concurrent Refinement Workers: 10
 Periodic GC: Disabled
Heap:
 garbage-first heap   total 199680K, used 152500K [0x0000000080000000, 0x0000000100000000)
  region size 1024K, 49 young (50176K), 2 survivors (2048K)
 Metaspace       used 107752K, committed 108480K, reserved 1179648K
  class space    used 14505K, committed 14848K, reserved 1048576K
GC Heap History (20 events):
Event: 14.155 GC heap before
{Heap before GC invocations=30 (full 0):
 garbage-first heap   total 135168K, used 104461K [0x0000000080000000, 0x0000000100000000)
  region size 1024K, 27 young (27648K), 1 survivors (1024K)
 Metaspace       used 71202K, committed 71808K, reserved 1114112K
  class space    used 9907K, committed 10176K, reserved 1048576K
}
Event: 14.158 GC heap after
{Heap after GC invocations=31 (full 0):
 garbage-first heap   total 199680K, used 78870K [0x0000000080000000, 0x0000000100000000)
  region size 1024K, 2 young (2048K), 2 survivors (2048K)
 Metaspace       used 71202K, committed 71808K, reserved 1114112K
  class space    used 9907K, committed 10176K, reserved 1048576K
}
Event: 15.127 GC heap before
{Heap before GC invocations=32 (full 0):
 garbage-first heap   total 199680K, used 147478K [0x0000000080000000, 0x0000000100000000)
  region size 1024K, 69 young (70656K), 2 survivors (2048K)
 Metaspace       used 80004K, committed 80576K, reserved 1179648K
  class space    used 11267K, committed 11520K, reserved 1048576K
}
Event: 15.131 GC heap after
{Heap after GC invocations=33 (full 0):
 garbage-first heap   total 199680K, used 80492K [0x0000000080000000, 0x0000000100000000)
  region size 1024K, 3 young (3072K), 3 survivors (3072K)
 Metaspace       used 80004K, committed 80576K, reserved 1179648K
  class space    used 11267K, committed 11520K, reserved 1048576K
}
Event: 15.266 GC heap before
{Heap before GC invocations=33 (full 0):
 garbage-first heap   total 199680K, used 85612K [0x0000000080000000, 0x0000000100000000)
  region size 1024K, 9 young (9216K), 3 survivors (3072K)
 Metaspace       used 80868K, committed 81600K, reserved 1179648K
  class space    used 11369K, committed 11712K, reserved 1048576K
}
Event: 15.272 GC heap after
{Heap after GC invocations=34 (full 0):
 garbage-first heap   total 199680K, used 79019K [0x0000000080000000, 0x0000000100000000)
  region size 1024K, 1 young (1024K), 1 survivors (1024K)
 Metaspace       used 80868K, committed 81600K, reserved 1179648K
  class space    used 11369K, committed 11712K, reserved 1048576K
}
Event: 15.905 GC heap before
{Heap before GC invocations=34 (full 0):
 garbage-first heap   total 199680K, used 111787K [0x0000000080000000, 0x0000000100000000)
  region size 1024K, 34 young (34816K), 1 survivors (1024K)
 Metaspace       used 85852K, committed 86528K, reserved 1179648K
  class space    used 12018K, committed 12352K, reserved 1048576K
}
Event: 15.908 GC heap after
{Heap after GC invocations=35 (full 0):
 garbage-first heap   total 199680K, used 79421K [0x0000000080000000, 0x0000000100000000)
  region size 1024K, 1 young (1024K), 1 survivors (1024K)
 Metaspace       used 85852K, committed 86528K, reserved 1179648K
  class space    used 12018K, committed 12352K, reserved 1048576K
}
Event: 17.132 GC heap before
{Heap before GC invocations=36 (full 0):
 garbage-first heap   total 199680K, used 175677K [0x0000000080000000, 0x0000000100000000)
  region size 1024K, 81 young (82944K), 1 survivors (1024K)
 Metaspace       used 91232K, committed 91968K, reserved 1179648K
  class space    used 12637K, committed 12992K, reserved 1048576K
}
Event: 17.147 GC heap after
{Heap after GC invocations=37 (full 0):
 garbage-first heap   total 199680K, used 99125K [0x0000000080000000, 0x0000000100000000)
  region size 1024K, 11 young (11264K), 11 survivors (11264K)
 Metaspace       used 91232K, committed 91968K, reserved 1179648K
  class space    used 12637K, committed 12992K, reserved 1048576K
}
Event: 17.167 GC heap before
{Heap before GC invocations=37 (full 0):
 garbage-first heap   total 199680K, used 100149K [0x0000000080000000, 0x0000000100000000)
  region size 1024K, 12 young (12288K), 11 survivors (11264K)
 Metaspace       used 91342K, committed 92032K, reserved 1179648K
  class space    used 12649K, committed 12992K, reserved 1048576K
}
Event: 17.178 GC heap after
{Heap after GC invocations=38 (full 0):
 garbage-first heap   total 199680K, used 98897K [0x0000000080000000, 0x0000000100000000)
  region size 1024K, 2 young (2048K), 2 survivors (2048K)
 Metaspace       used 91342K, committed 92032K, reserved 1179648K
  class space    used 12649K, committed 12992K, reserved 1048576K
}
Event: 18.281 GC heap before
{Heap before GC invocations=38 (full 0):
 garbage-first heap   total 199680K, used 159313K [0x0000000080000000, 0x0000000100000000)
  region size 1024K, 61 young (62464K), 2 survivors (2048K)
 Metaspace       used 98350K, committed 99072K, reserved 1179648K
  class space    used 13335K, committed 13696K, reserved 1048576K
}
Event: 18.284 GC heap after
{Heap after GC invocations=39 (full 0):
 garbage-first heap   total 199680K, used 101209K [0x0000000080000000, 0x0000000100000000)
  region size 1024K, 4 young (4096K), 4 survivors (4096K)
 Metaspace       used 98350K, committed 99072K, reserved 1179648K
  class space    used 13335K, committed 13696K, reserved 1048576K
}
Event: 19.367 GC heap before
{Heap before GC invocations=40 (full 0):
 garbage-first heap   total 199680K, used 161625K [0x0000000080000000, 0x0000000100000000)
  region size 1024K, 63 young (64512K), 4 survivors (4096K)
 Metaspace       used 106006K, committed 106688K, reserved 1179648K
  class space    used 14327K, committed 14656K, reserved 1048576K
}
Event: 19.379 GC heap after
{Heap after GC invocations=41 (full 0):
 garbage-first heap   total 199680K, used 103448K [0x0000000080000000, 0x0000000100000000)
  region size 1024K, 6 young (6144K), 6 survivors (6144K)
 Metaspace       used 106006K, committed 106688K, reserved 1179648K
  class space    used 14327K, committed 14656K, reserved 1048576K
}
Event: 19.467 GC heap before
{Heap before GC invocations=41 (full 0):
 garbage-first heap   total 199680K, used 106520K [0x0000000080000000, 0x0000000100000000)
  region size 1024K, 9 young (9216K), 6 survivors (6144K)
 Metaspace       used 106270K, committed 107008K, reserved 1179648K
  class space    used 14364K, committed 14720K, reserved 1048576K
}
Event: 19.473 GC heap after
{Heap after GC invocations=42 (full 0):
 garbage-first heap   total 199680K, used 103397K [0x0000000080000000, 0x0000000100000000)
  region size 1024K, 1 young (1024K), 1 survivors (1024K)
 Metaspace       used 106270K, committed 107008K, reserved 1179648K
  class space    used 14364K, committed 14720K, reserved 1048576K
}
Event: 19.641 GC heap before
{Heap before GC invocations=42 (full 0):
 garbage-first heap   total 199680K, used 111589K [0x0000000080000000, 0x0000000100000000)
  region size 1024K, 10 young (10240K), 1 survivors (1024K)
 Metaspace       used 106805K, committed 107456K, reserved 1179648K
  class space    used 14421K, committed 14720K, reserved 1048576K
}
Event: 19.645 GC heap after
{Heap after GC invocations=43 (full 0):
 garbage-first heap   total 199680K, used 104372K [0x0000000080000000, 0x0000000100000000)
  region size 1024K, 2 young (2048K), 2 survivors (2048K)
 Metaspace       used 106805K, committed 107456K, reserved 1179648K
  class space    used 14421K, committed 14720K, reserved 1048576K
}

