# JRE version: OpenJDK Runtime Environment (17.0.11) (build 17.0.11+0--11852314)
# Java VM: OpenJDK 64-Bit Server VM (17.0.11+0--11852314, mixed mode, tiered, compressed oops, compressed class ptrs, g1 gc, windows-amd64)
GC Precious Log:
 CPUs: 12 total, 12 available
 Memory: 7916M
 Large Page Support: Disabled
 NUMA Support: Disabled
 Compressed Oops: Enabled (32-bit)
 Heap Region Size: 1M
 Heap Min Capacity: 8M
 Heap Initial Capacity: 124M
 Heap Max Capacity: 2G
 Pre-touch: Disabled
 Parallel Workers: 10
 Concurrent Workers: 3
 Concurrent Refinement Workers: 10
 Periodic GC: Disabled
Heap:
 garbage-first heap   total 349184K, used 188416K [0x0000000080000000, 0x0000000100000000)
  region size 1024K, 15 young (15360K), 15 survivors (15360K)
 Metaspace       used 117736K, committed 118592K, reserved 1179648K
  class space    used 16178K, committed 16576K, reserved 1048576K
GC Heap History (20 events):
Event: 10.687 GC heap after
{Heap after GC invocations=30 (full 0):
 garbage-first heap   total 227328K, used 126679K [0x0000000080000000, 0x0000000100000000)
  region size 1024K, 9 young (9216K), 9 survivors (9216K)
 Metaspace       used 98781K, committed 99584K, reserved 1179648K
  class space    used 13653K, committed 14016K, reserved 1048576K
}
Event: 10.972 GC heap before
{Heap before GC invocations=31 (full 0):
 garbage-first heap   total 254976K, used 202455K [0x0000000080000000, 0x0000000100000000)
  region size 1024K, 55 young (56320K), 9 survivors (9216K)
 Metaspace       used 99793K, committed 100544K, reserved 1179648K
  class space    used 13767K, committed 14144K, reserved 1048576K
}
Event: 10.984 GC heap after
{Heap after GC invocations=32 (full 0):
 garbage-first heap   total 254976K, used 134437K [0x0000000080000000, 0x0000000100000000)
  region size 1024K, 7 young (7168K), 7 survivors (7168K)
 Metaspace       used 99793K, committed 100544K, reserved 1179648K
  class space    used 13767K, committed 14144K, reserved 1048576K
}
Event: 11.020 GC heap before
{Heap before GC invocations=32 (full 0):
 garbage-first heap   total 254976K, used 139557K [0x0000000080000000, 0x0000000100000000)
  region size 1024K, 12 young (12288K), 7 survivors (7168K)
 Metaspace       used 100145K, committed 100928K, reserved 1179648K
  class space    used 13786K, committed 14144K, reserved 1048576K
}
Event: 11.024 GC heap after
{Heap after GC invocations=33 (full 0):
 garbage-first heap   total 254976K, used 135690K [0x0000000080000000, 0x0000000100000000)
  region size 1024K, 2 young (2048K), 2 survivors (2048K)
 Metaspace       used 100145K, committed 100928K, reserved 1179648K
  class space    used 13786K, committed 14144K, reserved 1048576K
}
Event: 11.309 GC heap before
{Heap before GC invocations=33 (full 0):
 garbage-first heap   total 254976K, used 196106K [0x0000000080000000, 0x0000000100000000)
  region size 1024K, 62 young (63488K), 2 survivors (2048K)
 Metaspace       used 102650K, committed 103488K, reserved 1179648K
  class space    used 14016K, committed 14400K, reserved 1048576K
}
Event: 11.315 GC heap after
{Heap after GC invocations=34 (full 0):
 garbage-first heap   total 349184K, used 139524K [0x0000000080000000, 0x0000000100000000)
  region size 1024K, 6 young (6144K), 6 survivors (6144K)
 Metaspace       used 102650K, committed 103488K, reserved 1179648K
  class space    used 14016K, committed 14400K, reserved 1048576K
}
Event: 11.929 GC heap before
{Heap before GC invocations=35 (full 0):
 garbage-first heap   total 349184K, used 244996K [0x0000000080000000, 0x0000000100000000)
  region size 1024K, 133 young (136192K), 6 survivors (6144K)
 Metaspace       used 104993K, committed 105856K, reserved 1179648K
  class space    used 14273K, committed 14720K, reserved 1048576K
}
Event: 11.936 GC heap after
{Heap after GC invocations=36 (full 0):
 garbage-first heap   total 349184K, used 119982K [0x0000000080000000, 0x0000000100000000)
  region size 1024K, 10 young (10240K), 10 survivors (10240K)
 Metaspace       used 104993K, committed 105856K, reserved 1179648K
  class space    used 14273K, committed 14720K, reserved 1048576K
}
Event: 12.018 GC heap before
{Heap before GC invocations=36 (full 0):
 garbage-first heap   total 349184K, used 126126K [0x0000000080000000, 0x0000000100000000)
  region size 1024K, 17 young (17408K), 10 survivors (10240K)
 Metaspace       used 105044K, committed 105920K, reserved 1179648K
  class space    used 14274K, committed 14720K, reserved 1048576K
}
Event: 12.023 GC heap after
{Heap after GC invocations=37 (full 0):
 garbage-first heap   total 349184K, used 111845K [0x0000000080000000, 0x0000000100000000)
  region size 1024K, 2 young (2048K), 2 survivors (2048K)
 Metaspace       used 105044K, committed 105920K, reserved 1179648K
  class space    used 14274K, committed 14720K, reserved 1048576K
}
Event: 13.197 GC heap before
{Heap before GC invocations=37 (full 0):
 garbage-first heap   total 349184K, used 262373K [0x0000000080000000, 0x0000000100000000)
  region size 1024K, 150 young (153600K), 2 survivors (2048K)
 Metaspace       used 107770K, committed 108544K, reserved 1179648K
  class space    used 14641K, committed 15040K, reserved 1048576K
}
Event: 13.207 GC heap after
{Heap after GC invocations=38 (full 0):
 garbage-first heap   total 349184K, used 122677K [0x0000000080000000, 0x0000000100000000)
  region size 1024K, 12 young (12288K), 12 survivors (12288K)
 Metaspace       used 107770K, committed 108544K, reserved 1179648K
  class space    used 14641K, committed 15040K, reserved 1048576K
}
Event: 13.586 GC heap before
{Heap before GC invocations=38 (full 0):
 garbage-first heap   total 349184K, used 267061K [0x0000000080000000, 0x0000000100000000)
  region size 1024K, 154 young (157696K), 12 survivors (12288K)
 Metaspace       used 109356K, committed 110208K, reserved 1179648K
  class space    used 14869K, committed 15296K, reserved 1048576K
}
Event: 13.601 GC heap after
{Heap after GC invocations=39 (full 0):
 garbage-first heap   total 349184K, used 143020K [0x0000000080000000, 0x0000000100000000)
  region size 1024K, 20 young (20480K), 20 survivors (20480K)
 Metaspace       used 109356K, committed 110208K, reserved 1179648K
  class space    used 14869K, committed 15296K, reserved 1048576K
}
Event: 14.087 GC heap before
{Heap before GC invocations=39 (full 0):
 garbage-first heap   total 349184K, used 268972K [0x0000000080000000, 0x0000000100000000)
  region size 1024K, 144 young (147456K), 20 survivors (20480K)
 Metaspace       used 114043K, committed 114816K, reserved 1179648K
  class space    used 15636K, committed 16000K, reserved 1048576K
}
Event: 14.104 GC heap after
{Heap after GC invocations=40 (full 0):
 garbage-first heap   total 349184K, used 159388K [0x0000000080000000, 0x0000000100000000)
  region size 1024K, 16 young (16384K), 16 survivors (16384K)
 Metaspace       used 114043K, committed 114816K, reserved 1179648K
  class space    used 15636K, committed 16000K, reserved 1048576K
}
Event: 14.229 GC heap before
{Heap before GC invocations=40 (full 0):
 garbage-first heap   total 349184K, used 274076K [0x0000000080000000, 0x0000000100000000)
  region size 1024K, 129 young (132096K), 16 survivors (16384K)
 Metaspace       used 115894K, committed 116736K, reserved 1179648K
  class space    used 15924K, committed 16320K, reserved 1048576K
}
Event: 14.247 GC heap after
{Heap after GC invocations=41 (full 0):
 garbage-first heap   total 349184K, used 172997K [0x0000000080000000, 0x0000000100000000)
  region size 1024K, 15 young (15360K), 15 survivors (15360K)
 Metaspace       used 115894K, committed 116736K, reserved 1179648K
  class space    used 15924K, committed 16320K, reserved 1048576K
}
Event: 14.415 GC heap before
{Heap before GC invocations=41 (full 0):
 garbage-first heap   total 349184K, used 278469K [0x0000000080000000, 0x0000000100000000)
  region size 1024K, 117 young (119808K), 15 survivors (15360K)
 Metaspace       used 117736K, committed 118592K, reserved 1179648K
  class space    used 16178K, committed 16576K, reserved 1048576K
}

