# JRE version: OpenJDK Runtime Environment (17.0.11) (build 17.0.11+0--11852314)
# Java VM: OpenJDK 64-Bit Server VM (17.0.11+0--11852314, mixed mode, tiered, compressed oops, compressed class ptrs, g1 gc, windows-amd64)
GC Precious Log:
 CPUs: 12 total, 12 available
 Memory: 7916M
 Large Page Support: Disabled
 NUMA Support: Disabled
 Compressed Oops: Enabled (32-bit)
 Heap Region Size: 1M
 Heap Min Capacity: 8M
 Heap Initial Capacity: 124M
 Heap Max Capacity: 2G
 Pre-touch: Disabled
 Parallel Workers: 10
 Concurrent Workers: 3
 Concurrent Refinement Workers: 10
 Periodic GC: Disabled
Heap:
 garbage-first heap   total 408576K, used 322766K [0x0000000080000000, 0x0000000100000000)
  region size 1024K, 5 young (5120K), 5 survivors (5120K)
 Metaspace       used 208539K, committed 209920K, reserved 1245184K
  class space    used 26713K, committed 27392K, reserved 1048576K
GC Heap History (20 events):
Event: 195.582 GC heap after
{Heap after GC invocations=91 (full 0):
 garbage-first heap   total 408576K, used 310272K [0x0000000080000000, 0x0000000100000000)
  region size 1024K, 3 young (3072K), 3 survivors (3072K)
 Metaspace       used 203831K, committed 205056K, reserved 1245184K
  class space    used 26171K, committed 26752K, reserved 1048576K
}
Event: 195.692 GC heap before
{Heap before GC invocations=91 (full 0):
 garbage-first heap   total 408576K, used 351232K [0x0000000080000000, 0x0000000100000000)
  region size 1024K, 44 young (45056K), 3 survivors (3072K)
 Metaspace       used 204397K, committed 205632K, reserved 1245184K
  class space    used 26220K, committed 26816K, reserved 1048576K
}
Event: 195.695 GC heap after
{Heap after GC invocations=92 (full 0):
 garbage-first heap   total 408576K, used 310733K [0x0000000080000000, 0x0000000100000000)
  region size 1024K, 4 young (4096K), 4 survivors (4096K)
 Metaspace       used 204397K, committed 205632K, reserved 1245184K
  class space    used 26220K, committed 26816K, reserved 1048576K
}
Event: 195.868 GC heap before
{Heap before GC invocations=92 (full 0):
 garbage-first heap   total 408576K, used 352717K [0x0000000080000000, 0x0000000100000000)
  region size 1024K, 46 young (47104K), 4 survivors (4096K)
 Metaspace       used 205303K, committed 206592K, reserved 1245184K
  class space    used 26316K, committed 26944K, reserved 1048576K
}
Event: 195.874 GC heap after
{Heap after GC invocations=93 (full 0):
 garbage-first heap   total 408576K, used 315072K [0x0000000080000000, 0x0000000100000000)
  region size 1024K, 6 young (6144K), 6 survivors (6144K)
 Metaspace       used 205303K, committed 206592K, reserved 1245184K
  class space    used 26316K, committed 26944K, reserved 1048576K
}
Event: 196.036 GC heap before
{Heap before GC invocations=93 (full 0):
 garbage-first heap   total 408576K, used 353984K [0x0000000080000000, 0x0000000100000000)
  region size 1024K, 44 young (45056K), 6 survivors (6144K)
 Metaspace       used 205694K, committed 206976K, reserved 1245184K
  class space    used 26357K, committed 26944K, reserved 1048576K
}
Event: 196.039 GC heap after
{Heap after GC invocations=94 (full 0):
 garbage-first heap   total 408576K, used 314520K [0x0000000080000000, 0x0000000100000000)
  region size 1024K, 3 young (3072K), 3 survivors (3072K)
 Metaspace       used 205694K, committed 206976K, reserved 1245184K
  class space    used 26357K, committed 26944K, reserved 1048576K
}
Event: 196.401 GC heap before
{Heap before GC invocations=94 (full 0):
 garbage-first heap   total 408576K, used 354456K [0x0000000080000000, 0x0000000100000000)
  region size 1024K, 43 young (44032K), 3 survivors (3072K)
 Metaspace       used 206792K, committed 208064K, reserved 1245184K
  class space    used 26485K, committed 27072K, reserved 1048576K
}
Event: 196.404 GC heap after
{Heap after GC invocations=95 (full 0):
 garbage-first heap   total 408576K, used 315235K [0x0000000080000000, 0x0000000100000000)
  region size 1024K, 4 young (4096K), 4 survivors (4096K)
 Metaspace       used 206792K, committed 208064K, reserved 1245184K
  class space    used 26485K, committed 27072K, reserved 1048576K
}
Event: 196.840 GC heap before
{Heap before GC invocations=95 (full 0):
 garbage-first heap   total 408576K, used 355171K [0x0000000080000000, 0x0000000100000000)
  region size 1024K, 44 young (45056K), 4 survivors (4096K)
 Metaspace       used 207376K, committed 208704K, reserved 1245184K
  class space    used 26565K, committed 27200K, reserved 1048576K
}
Event: 196.846 GC heap after
{Heap after GC invocations=96 (full 0):
 garbage-first heap   total 408576K, used 317784K [0x0000000080000000, 0x0000000100000000)
  region size 1024K, 6 young (6144K), 6 survivors (6144K)
 Metaspace       used 207376K, committed 208704K, reserved 1245184K
  class space    used 26565K, committed 27200K, reserved 1048576K
}
Event: 197.140 GC heap before
{Heap before GC invocations=96 (full 0):
 garbage-first heap   total 408576K, used 355672K [0x0000000080000000, 0x0000000100000000)
  region size 1024K, 44 young (45056K), 6 survivors (6144K)
 Metaspace       used 207705K, committed 208960K, reserved 1245184K
  class space    used 26603K, committed 27200K, reserved 1048576K
}
Event: 197.147 GC heap after
{Heap after GC invocations=97 (full 0):
 garbage-first heap   total 408576K, used 319100K [0x0000000080000000, 0x0000000100000000)
  region size 1024K, 4 young (4096K), 4 survivors (4096K)
 Metaspace       used 207705K, committed 208960K, reserved 1245184K
  class space    used 26603K, committed 27200K, reserved 1048576K
}
Event: 197.203 GC heap before
{Heap before GC invocations=97 (full 0):
 garbage-first heap   total 408576K, used 354940K [0x0000000080000000, 0x0000000100000000)
  region size 1024K, 40 young (40960K), 4 survivors (4096K)
 Metaspace       used 207860K, committed 209088K, reserved 1245184K
  class space    used 26627K, committed 27200K, reserved 1048576K
}
Event: 197.206 GC heap after
{Heap after GC invocations=98 (full 0):
 garbage-first heap   total 408576K, used 319804K [0x0000000080000000, 0x0000000100000000)
  region size 1024K, 2 young (2048K), 2 survivors (2048K)
 Metaspace       used 207860K, committed 209088K, reserved 1245184K
  class space    used 26627K, committed 27200K, reserved 1048576K
}
Event: 197.268 GC heap before
{Heap before GC invocations=98 (full 0):
 garbage-first heap   total 408576K, used 356668K [0x0000000080000000, 0x0000000100000000)
  region size 1024K, 39 young (39936K), 2 survivors (2048K)
 Metaspace       used 208146K, committed 209408K, reserved 1245184K
  class space    used 26665K, committed 27328K, reserved 1048576K
}
Event: 197.271 GC heap after
{Heap after GC invocations=99 (full 0):
 garbage-first heap   total 408576K, used 320760K [0x0000000080000000, 0x0000000100000000)
  region size 1024K, 3 young (3072K), 3 survivors (3072K)
 Metaspace       used 208146K, committed 209408K, reserved 1245184K
  class space    used 26665K, committed 27328K, reserved 1048576K
}
Event: 197.313 GC heap before
{Heap before GC invocations=99 (full 0):
 garbage-first heap   total 408576K, used 357624K [0x0000000080000000, 0x0000000100000000)
  region size 1024K, 40 young (40960K), 3 survivors (3072K)
 Metaspace       used 208329K, committed 209664K, reserved 1245184K
  class space    used 26692K, committed 27328K, reserved 1048576K
}
Event: 197.316 GC heap after
{Heap after GC invocations=100 (full 0):
 garbage-first heap   total 408576K, used 321600K [0x0000000080000000, 0x0000000100000000)
  region size 1024K, 3 young (3072K), 3 survivors (3072K)
 Metaspace       used 208329K, committed 209664K, reserved 1245184K
  class space    used 26692K, committed 27328K, reserved 1048576K
}
Event: 197.387 GC heap before
{Heap before GC invocations=100 (full 0):
 garbage-first heap   total 408576K, used 359488K [0x0000000080000000, 0x0000000100000000)
  region size 1024K, 41 young (41984K), 3 survivors (3072K)
 Metaspace       used 208539K, committed 209920K, reserved 1245184K
  class space    used 26713K, committed 27392K, reserved 1048576K
}

