# JRE version: OpenJDK Runtime Environment (17.0.11) (build 17.0.11+0--11852314)
# Java VM: OpenJDK 64-Bit Server VM (17.0.11+0--11852314, mixed mode, tiered, compressed oops, compressed class ptrs, g1 gc, windows-amd64)
GC Precious Log:
 CPUs: 12 total, 12 available
 Memory: 7916M
 Large Page Support: Disabled
 NUMA Support: Disabled
 Compressed Oops: Enabled (32-bit)
 Heap Region Size: 1M
 Heap Min Capacity: 8M
 Heap Initial Capacity: 124M
 Heap Max Capacity: 2G
 Pre-touch: Disabled
 Parallel Workers: 10
 Concurrent Workers: 3
 Concurrent Refinement Workers: 10
 Periodic GC: Disabled
Heap:
 garbage-first heap   total 349184K, used 259582K [0x0000000080000000, 0x0000000100000000)
  region size 1024K, 6 young (6144K), 6 survivors (6144K)
 Metaspace       used 105574K, committed 106432K, reserved 1179648K
  class space    used 14854K, committed 15296K, reserved 1048576K
GC Heap History (20 events):
Event: 9.814 GC heap after
{Heap after GC invocations=27 (full 0):
 garbage-first heap   total 199680K, used 98412K [0x0000000080000000, 0x0000000100000000)
  region size 1024K, 7 young (7168K), 7 survivors (7168K)
 Metaspace       used 98363K, committed 99200K, reserved 1179648K
  class space    used 13629K, committed 14016K, reserved 1048576K
}
Event: 9.819 GC heap before
{Heap before GC invocations=27 (full 0):
 garbage-first heap   total 199680K, used 99436K [0x0000000080000000, 0x0000000100000000)
  region size 1024K, 10 young (10240K), 7 survivors (7168K)
 Metaspace       used 98365K, committed 99200K, reserved 1179648K
  class space    used 13629K, committed 14016K, reserved 1048576K
}
Event: 9.824 GC heap after
{Heap after GC invocations=28 (full 0):
 garbage-first heap   total 199680K, used 101208K [0x0000000080000000, 0x0000000100000000)
  region size 1024K, 4 young (4096K), 4 survivors (4096K)
 Metaspace       used 98365K, committed 99200K, reserved 1179648K
  class space    used 13629K, committed 14016K, reserved 1048576K
}
Event: 9.988 GC heap before
{Heap before GC invocations=29 (full 0):
 garbage-first heap   total 199680K, used 149336K [0x0000000080000000, 0x0000000100000000)
  region size 1024K, 40 young (40960K), 4 survivors (4096K)
 Metaspace       used 98990K, committed 99712K, reserved 1179648K
  class space    used 13726K, committed 14080K, reserved 1048576K
}
Event: 9.992 GC heap after
{Heap after GC invocations=30 (full 0):
 garbage-first heap   total 199680K, used 119888K [0x0000000080000000, 0x0000000100000000)
  region size 1024K, 5 young (5120K), 5 survivors (5120K)
 Metaspace       used 98990K, committed 99712K, reserved 1179648K
  class space    used 13726K, committed 14080K, reserved 1048576K
}
Event: 10.012 GC heap before
{Heap before GC invocations=30 (full 0):
 garbage-first heap   total 199680K, used 122960K [0x0000000080000000, 0x0000000100000000)
  region size 1024K, 9 young (9216K), 5 survivors (5120K)
 Metaspace       used 98990K, committed 99712K, reserved 1179648K
  class space    used 13726K, committed 14080K, reserved 1048576K
}
Event: 10.016 GC heap after
{Heap after GC invocations=31 (full 0):
 garbage-first heap   total 199680K, used 119539K [0x0000000080000000, 0x0000000100000000)
  region size 1024K, 2 young (2048K), 2 survivors (2048K)
 Metaspace       used 98990K, committed 99712K, reserved 1179648K
  class space    used 13726K, committed 14080K, reserved 1048576K
}
Event: 10.195 GC heap before
{Heap before GC invocations=31 (full 0):
 garbage-first heap   total 199680K, used 149235K [0x0000000080000000, 0x0000000100000000)
  region size 1024K, 32 young (32768K), 2 survivors (2048K)
 Metaspace       used 100258K, committed 100992K, reserved 1179648K
  class space    used 13911K, committed 14272K, reserved 1048576K
}
Event: 10.198 GC heap after
{Heap after GC invocations=32 (full 0):
 garbage-first heap   total 199680K, used 121308K [0x0000000080000000, 0x0000000100000000)
  region size 1024K, 4 young (4096K), 4 survivors (4096K)
 Metaspace       used 100258K, committed 100992K, reserved 1179648K
  class space    used 13911K, committed 14272K, reserved 1048576K
}
Event: 10.402 GC heap before
{Heap before GC invocations=33 (full 0):
 garbage-first heap   total 211968K, used 166364K [0x0000000080000000, 0x0000000100000000)
  region size 1024K, 35 young (35840K), 4 survivors (4096K)
 Metaspace       used 102261K, committed 103040K, reserved 1179648K
  class space    used 14206K, committed 14592K, reserved 1048576K
}
Event: 10.406 GC heap after
{Heap after GC invocations=34 (full 0):
 garbage-first heap   total 211968K, used 132622K [0x0000000080000000, 0x0000000100000000)
  region size 1024K, 5 young (5120K), 5 survivors (5120K)
 Metaspace       used 102261K, committed 103040K, reserved 1179648K
  class space    used 14206K, committed 14592K, reserved 1048576K
}
Event: 10.412 GC heap before
{Heap before GC invocations=34 (full 0):
 garbage-first heap   total 211968K, used 146958K [0x0000000080000000, 0x0000000100000000)
  region size 1024K, 10 young (10240K), 5 survivors (5120K)
 Metaspace       used 102289K, committed 103104K, reserved 1179648K
  class space    used 14211K, committed 14592K, reserved 1048576K
}
Event: 10.416 GC heap after
{Heap after GC invocations=35 (full 0):
 garbage-first heap   total 349184K, used 135770K [0x0000000080000000, 0x0000000100000000)
  region size 1024K, 2 young (2048K), 2 survivors (2048K)
 Metaspace       used 102289K, committed 103104K, reserved 1179648K
  class space    used 14211K, committed 14592K, reserved 1048576K
}
Event: 10.813 GC heap before
{Heap before GC invocations=35 (full 0):
 garbage-first heap   total 349184K, used 259674K [0x0000000080000000, 0x0000000100000000)
  region size 1024K, 96 young (98304K), 2 survivors (2048K)
 Metaspace       used 102730K, committed 103552K, reserved 1179648K
  class space    used 14275K, committed 14656K, reserved 1048576K
}
Event: 10.845 GC heap after
{Heap after GC invocations=36 (full 0):
 garbage-first heap   total 349184K, used 186747K [0x0000000080000000, 0x0000000100000000)
  region size 1024K, 12 young (12288K), 12 survivors (12288K)
 Metaspace       used 102730K, committed 103552K, reserved 1179648K
  class space    used 14275K, committed 14656K, reserved 1048576K
}
Event: 11.114 GC heap before
{Heap before GC invocations=36 (full 0):
 garbage-first heap   total 349184K, used 252283K [0x0000000080000000, 0x0000000100000000)
  region size 1024K, 77 young (78848K), 12 survivors (12288K)
 Metaspace       used 105399K, committed 106176K, reserved 1179648K
  class space    used 14847K, committed 15232K, reserved 1048576K
}
Event: 11.143 GC heap after
{Heap after GC invocations=37 (full 0):
 garbage-first heap   total 349184K, used 212542K [0x0000000080000000, 0x0000000100000000)
  region size 1024K, 10 young (10240K), 10 survivors (10240K)
 Metaspace       used 105399K, committed 106176K, reserved 1179648K
  class space    used 14847K, committed 15232K, reserved 1048576K
}
Event: 11.217 GC heap before
{Heap before GC invocations=37 (full 0):
 garbage-first heap   total 349184K, used 262718K [0x0000000080000000, 0x0000000100000000)
  region size 1024K, 59 young (60416K), 10 survivors (10240K)
 Metaspace       used 105534K, committed 106368K, reserved 1179648K
  class space    used 14854K, committed 15296K, reserved 1048576K
}
Event: 11.243 GC heap after
{Heap after GC invocations=38 (full 0):
 garbage-first heap   total 349184K, used 239616K [0x0000000080000000, 0x0000000100000000)
  region size 1024K, 8 young (8192K), 8 survivors (8192K)
 Metaspace       used 105534K, committed 106368K, reserved 1179648K
  class space    used 14854K, committed 15296K, reserved 1048576K
}
Event: 11.314 GC heap before
{Heap before GC invocations=38 (full 0):
 garbage-first heap   total 349184K, used 274432K [0x0000000080000000, 0x0000000100000000)
  region size 1024K, 42 young (43008K), 8 survivors (8192K)
 Metaspace       used 105574K, committed 106432K, reserved 1179648K
  class space    used 14854K, committed 15296K, reserved 1048576K
}

