# JRE version: OpenJDK Runtime Environment (17.0.11) (build 17.0.11+0--11852314)
# Java VM: OpenJDK 64-Bit Server VM (17.0.11+0--11852314, mixed mode, tiered, compressed oops, compressed class ptrs, g1 gc, windows-amd64)
GC Precious Log:
 CPUs: 12 total, 12 available
 Memory: 7916M
 Large Page Support: Disabled
 NUMA Support: Disabled
 Compressed Oops: Enabled (32-bit)
 Heap Region Size: 1M
 Heap Min Capacity: 8M
 Heap Initial Capacity: 124M
 Heap Max Capacity: 2G
 Pre-touch: Disabled
 Parallel Workers: 10
 Concurrent Workers: 3
 Concurrent Refinement Workers: 10
 Periodic GC: Disabled
Heap:
 garbage-first heap   total 394240K, used 222529K [0x0000000080000000, 0x0000000100000000)
  region size 1024K, 14 young (14336K), 14 survivors (14336K)
 Metaspace       used 107042K, committed 107840K, reserved 1179648K
  class space    used 15097K, committed 15488K, reserved 1048576K
GC Heap History (20 events):
Event: 11.356 GC heap after
{Heap after GC invocations=39 (full 0):
 garbage-first heap   total 193536K, used 89436K [0x0000000080000000, 0x0000000100000000)
  region size 1024K, 9 young (9216K), 9 survivors (9216K)
 Metaspace       used 97058K, committed 97792K, reserved 1179648K
  class space    used 13495K, committed 13824K, reserved 1048576K
}
Event: 11.602 GC heap before
{Heap before GC invocations=39 (full 0):
 garbage-first heap   total 193536K, used 153948K [0x0000000080000000, 0x0000000100000000)
  region size 1024K, 74 young (75776K), 9 survivors (9216K)
 Metaspace       used 97915K, committed 98688K, reserved 1179648K
  class space    used 13631K, committed 14016K, reserved 1048576K
}
Event: 11.610 GC heap after
{Heap after GC invocations=40 (full 0):
 garbage-first heap   total 193536K, used 97720K [0x0000000080000000, 0x0000000100000000)
  region size 1024K, 10 young (10240K), 10 survivors (10240K)
 Metaspace       used 97915K, committed 98688K, reserved 1179648K
  class space    used 13631K, committed 14016K, reserved 1048576K
}
Event: 11.685 GC heap before
{Heap before GC invocations=40 (full 0):
 garbage-first heap   total 193536K, used 151992K [0x0000000080000000, 0x0000000100000000)
  region size 1024K, 64 young (65536K), 10 survivors (10240K)
 Metaspace       used 98110K, committed 98880K, reserved 1179648K
  class space    used 13654K, committed 14016K, reserved 1048576K
}
Event: 11.694 GC heap after
{Heap after GC invocations=41 (full 0):
 garbage-first heap   total 193536K, used 112085K [0x0000000080000000, 0x0000000100000000)
  region size 1024K, 8 young (8192K), 8 survivors (8192K)
 Metaspace       used 98110K, committed 98880K, reserved 1179648K
  class space    used 13654K, committed 14016K, reserved 1048576K
}
Event: 11.830 GC heap before
{Heap before GC invocations=42 (full 0):
 garbage-first heap   total 229376K, used 150997K [0x0000000080000000, 0x0000000100000000)
  region size 1024K, 45 young (46080K), 8 survivors (8192K)
 Metaspace       used 98397K, committed 99200K, reserved 1179648K
  class space    used 13686K, committed 14080K, reserved 1048576K
}
Event: 11.835 GC heap after
{Heap after GC invocations=43 (full 0):
 garbage-first heap   total 229376K, used 119810K [0x0000000080000000, 0x0000000100000000)
  region size 1024K, 6 young (6144K), 6 survivors (6144K)
 Metaspace       used 98397K, committed 99200K, reserved 1179648K
  class space    used 13686K, committed 14080K, reserved 1048576K
}
Event: 11.856 GC heap before
{Heap before GC invocations=43 (full 0):
 garbage-first heap   total 229376K, used 123906K [0x0000000080000000, 0x0000000100000000)
  region size 1024K, 11 young (11264K), 6 survivors (6144K)
 Metaspace       used 98474K, committed 99264K, reserved 1179648K
  class space    used 13694K, committed 14080K, reserved 1048576K
}
Event: 11.859 GC heap after
{Heap after GC invocations=44 (full 0):
 garbage-first heap   total 229376K, used 120318K [0x0000000080000000, 0x0000000100000000)
  region size 1024K, 2 young (2048K), 2 survivors (2048K)
 Metaspace       used 98474K, committed 99264K, reserved 1179648K
  class space    used 13694K, committed 14080K, reserved 1048576K
}
Event: 12.073 GC heap before
{Heap before GC invocations=44 (full 0):
 garbage-first heap   total 229376K, used 173566K [0x0000000080000000, 0x0000000100000000)
  region size 1024K, 55 young (56320K), 2 survivors (2048K)
 Metaspace       used 99766K, committed 100544K, reserved 1179648K
  class space    used 13908K, committed 14272K, reserved 1048576K
}
Event: 12.095 GC heap after
{Heap after GC invocations=45 (full 0):
 garbage-first heap   total 394240K, used 134007K [0x0000000080000000, 0x0000000100000000)
  region size 1024K, 7 young (7168K), 7 survivors (7168K)
 Metaspace       used 99766K, committed 100544K, reserved 1179648K
  class space    used 13908K, committed 14272K, reserved 1048576K
}
Event: 13.185 GC heap before
{Heap before GC invocations=46 (full 0):
 garbage-first heap   total 394240K, used 274295K [0x0000000080000000, 0x0000000100000000)
  region size 1024K, 145 young (148480K), 7 survivors (7168K)
 Metaspace       used 102973K, committed 103680K, reserved 1179648K
  class space    used 14432K, committed 14784K, reserved 1048576K
}
Event: 13.318 GC heap after
{Heap after GC invocations=47 (full 0):
 garbage-first heap   total 394240K, used 160298K [0x0000000080000000, 0x0000000100000000)
  region size 1024K, 19 young (19456K), 19 survivors (19456K)
 Metaspace       used 102973K, committed 103680K, reserved 1179648K
  class space    used 14432K, committed 14784K, reserved 1048576K
}
Event: 13.328 GC heap before
{Heap before GC invocations=47 (full 0):
 garbage-first heap   total 394240K, used 161322K [0x0000000080000000, 0x0000000100000000)
  region size 1024K, 20 young (20480K), 19 survivors (19456K)
 Metaspace       used 102973K, committed 103680K, reserved 1179648K
  class space    used 14432K, committed 14784K, reserved 1048576K
}
Event: 13.393 GC heap after
{Heap after GC invocations=48 (full 0):
 garbage-first heap   total 394240K, used 162080K [0x0000000080000000, 0x0000000100000000)
  region size 1024K, 3 young (3072K), 3 survivors (3072K)
 Metaspace       used 102973K, committed 103680K, reserved 1179648K
  class space    used 14432K, committed 14784K, reserved 1048576K
}
Event: 13.749 GC heap before
{Heap before GC invocations=48 (full 0):
 garbage-first heap   total 394240K, used 273696K [0x0000000080000000, 0x0000000100000000)
  region size 1024K, 112 young (114688K), 3 survivors (3072K)
 Metaspace       used 103416K, committed 104128K, reserved 1179648K
  class space    used 14522K, committed 14912K, reserved 1048576K
}
Event: 13.813 GC heap after
{Heap after GC invocations=49 (full 0):
 garbage-first heap   total 394240K, used 183658K [0x0000000080000000, 0x0000000100000000)
  region size 1024K, 14 young (14336K), 14 survivors (14336K)
 Metaspace       used 103416K, committed 104128K, reserved 1179648K
  class space    used 14522K, committed 14912K, reserved 1048576K
}
Event: 14.499 GC heap before
{Heap before GC invocations=49 (full 0):
 garbage-first heap   total 394240K, used 286058K [0x0000000080000000, 0x0000000100000000)
  region size 1024K, 115 young (117760K), 14 survivors (14336K)
 Metaspace       used 106105K, committed 106880K, reserved 1179648K
  class space    used 14986K, committed 15360K, reserved 1048576K
}
Event: 14.555 GC heap after
{Heap after GC invocations=50 (full 0):
 garbage-first heap   total 394240K, used 203990K [0x0000000080000000, 0x0000000100000000)
  region size 1024K, 15 young (15360K), 15 survivors (15360K)
 Metaspace       used 106105K, committed 106880K, reserved 1179648K
  class space    used 14986K, committed 15360K, reserved 1048576K
}
Event: 14.795 GC heap before
{Heap before GC invocations=50 (full 0):
 garbage-first heap   total 394240K, used 298198K [0x0000000080000000, 0x0000000100000000)
  region size 1024K, 108 young (110592K), 15 survivors (15360K)
 Metaspace       used 107042K, committed 107840K, reserved 1179648K
  class space    used 15097K, committed 15488K, reserved 1048576K
}

