# JRE version: OpenJDK Runtime Environment (17.0.11) (build 17.0.11+0--11852314)
# Java VM: OpenJDK 64-Bit Server VM (17.0.11+0--11852314, mixed mode, tiered, compressed oops, compressed class ptrs, g1 gc, windows-amd64)
GC Precious Log:
 CPUs: 12 total, 12 available
 Memory: 7916M
 Large Page Support: Disabled
 NUMA Support: Disabled
 Compressed Oops: Enabled (32-bit)
 Heap Region Size: 1M
 Heap Min Capacity: 8M
 Heap Initial Capacity: 124M
 Heap Max Capacity: 2G
 Pre-touch: Disabled
 Parallel Workers: 10
 Concurrent Workers: 3
 Concurrent Refinement Workers: 10
 Periodic GC: Disabled
Heap:
 garbage-first heap   total 157696K, used 96431K [0x0000000080000000, 0x0000000100000000)
  region size 1024K, 4 young (4096K), 4 survivors (4096K)
 Metaspace       used 85801K, committed 86400K, reserved 1179648K
  class space    used 11947K, committed 12224K, reserved 1048576K
GC Heap History (20 events):
Event: 8.374 GC heap after
{Heap after GC invocations=25 (full 0):
 garbage-first heap   total 122880K, used 71626K [0x0000000080000000, 0x0000000100000000)
  region size 1024K, 3 young (3072K), 3 survivors (3072K)
 Metaspace       used 57446K, committed 58048K, reserved 1114112K
  class space    used 7788K, committed 8064K, reserved 1048576K
}
Event: 8.849 GC heap before
{Heap before GC invocations=25 (full 0):
 garbage-first heap   total 122880K, used 94154K [0x0000000080000000, 0x0000000100000000)
  region size 1024K, 25 young (25600K), 3 survivors (3072K)
 Metaspace       used 59483K, committed 60032K, reserved 1114112K
  class space    used 8158K, committed 8448K, reserved 1048576K
}
Event: 8.853 GC heap after
{Heap after GC invocations=26 (full 0):
 garbage-first heap   total 122880K, used 73187K [0x0000000080000000, 0x0000000100000000)
  region size 1024K, 3 young (3072K), 3 survivors (3072K)
 Metaspace       used 59483K, committed 60032K, reserved 1114112K
  class space    used 8158K, committed 8448K, reserved 1048576K
}
Event: 9.162 GC heap before
{Heap before GC invocations=27 (full 0):
 garbage-first heap   total 124928K, used 94691K [0x0000000080000000, 0x0000000100000000)
  region size 1024K, 25 young (25600K), 3 survivors (3072K)
 Metaspace       used 62937K, committed 63488K, reserved 1114112K
  class space    used 8566K, committed 8832K, reserved 1048576K
}
Event: 9.166 GC heap after
{Heap after GC invocations=28 (full 0):
 garbage-first heap   total 124928K, used 73781K [0x0000000080000000, 0x0000000100000000)
  region size 1024K, 3 young (3072K), 3 survivors (3072K)
 Metaspace       used 62937K, committed 63488K, reserved 1114112K
  class space    used 8566K, committed 8832K, reserved 1048576K
}
Event: 9.504 GC heap before
{Heap before GC invocations=28 (full 0):
 garbage-first heap   total 124928K, used 75829K [0x0000000080000000, 0x0000000100000000)
  region size 1024K, 6 young (6144K), 3 survivors (3072K)
 Metaspace       used 63109K, committed 63744K, reserved 1114112K
  class space    used 8591K, committed 8896K, reserved 1048576K
}
Event: 9.507 GC heap after
{Heap after GC invocations=29 (full 0):
 garbage-first heap   total 150528K, used 73982K [0x0000000080000000, 0x0000000100000000)
  region size 1024K, 1 young (1024K), 1 survivors (1024K)
 Metaspace       used 63109K, committed 63744K, reserved 1114112K
  class space    used 8591K, committed 8896K, reserved 1048576K
}
Event: 9.749 GC heap before
{Heap before GC invocations=29 (full 0):
 garbage-first heap   total 150528K, used 114942K [0x0000000080000000, 0x0000000100000000)
  region size 1024K, 41 young (41984K), 1 survivors (1024K)
 Metaspace       used 69155K, committed 69760K, reserved 1114112K
  class space    used 9869K, committed 10176K, reserved 1048576K
}
Event: 9.752 GC heap after
{Heap after GC invocations=30 (full 0):
 garbage-first heap   total 150528K, used 74959K [0x0000000080000000, 0x0000000100000000)
  region size 1024K, 2 young (2048K), 2 survivors (2048K)
 Metaspace       used 69155K, committed 69760K, reserved 1114112K
  class space    used 9869K, committed 10176K, reserved 1048576K
}
Event: 10.232 GC heap before
{Heap before GC invocations=31 (full 0):
 garbage-first heap   total 150528K, used 117967K [0x0000000080000000, 0x0000000100000000)
  region size 1024K, 44 young (45056K), 2 survivors (2048K)
 Metaspace       used 74958K, committed 75520K, reserved 1114112K
  class space    used 10615K, committed 10880K, reserved 1048576K
}
Event: 10.235 GC heap after
{Heap after GC invocations=32 (full 0):
 garbage-first heap   total 150528K, used 75825K [0x0000000080000000, 0x0000000100000000)
  region size 1024K, 3 young (3072K), 3 survivors (3072K)
 Metaspace       used 74958K, committed 75520K, reserved 1114112K
  class space    used 10615K, committed 10880K, reserved 1048576K
}
Event: 10.268 GC heap before
{Heap before GC invocations=32 (full 0):
 garbage-first heap   total 150528K, used 78897K [0x0000000080000000, 0x0000000100000000)
  region size 1024K, 7 young (7168K), 3 survivors (3072K)
 Metaspace       used 75623K, committed 76224K, reserved 1114112K
  class space    used 10689K, committed 10944K, reserved 1048576K
}
Event: 10.271 GC heap after
{Heap after GC invocations=33 (full 0):
 garbage-first heap   total 150528K, used 75568K [0x0000000080000000, 0x0000000100000000)
  region size 1024K, 1 young (1024K), 1 survivors (1024K)
 Metaspace       used 75623K, committed 76224K, reserved 1114112K
  class space    used 10689K, committed 10944K, reserved 1048576K
}
Event: 10.634 GC heap before
{Heap before GC invocations=33 (full 0):
 garbage-first heap   total 150528K, used 126768K [0x0000000080000000, 0x0000000100000000)
  region size 1024K, 44 young (45056K), 1 survivors (1024K)
 Metaspace       used 79768K, committed 80448K, reserved 1179648K
  class space    used 11232K, committed 11520K, reserved 1048576K
}
Event: 10.639 GC heap after
{Heap after GC invocations=34 (full 0):
 garbage-first heap   total 150528K, used 87947K [0x0000000080000000, 0x0000000100000000)
  region size 1024K, 6 young (6144K), 6 survivors (6144K)
 Metaspace       used 79768K, committed 80448K, reserved 1179648K
  class space    used 11232K, committed 11520K, reserved 1048576K
}
Event: 10.946 GC heap before
{Heap before GC invocations=35 (full 0):
 garbage-first heap   total 157696K, used 121739K [0x0000000080000000, 0x0000000100000000)
  region size 1024K, 39 young (39936K), 6 survivors (6144K)
 Metaspace       used 81395K, committed 82048K, reserved 1179648K
  class space    used 11444K, committed 11712K, reserved 1048576K
}
Event: 10.954 GC heap after
{Heap after GC invocations=36 (full 0):
 garbage-first heap   total 157696K, used 86275K [0x0000000080000000, 0x0000000100000000)
  region size 1024K, 5 young (5120K), 5 survivors (5120K)
 Metaspace       used 81395K, committed 82048K, reserved 1179648K
  class space    used 11444K, committed 11712K, reserved 1048576K
}
Event: 10.976 GC heap before
{Heap before GC invocations=36 (full 0):
 garbage-first heap   total 157696K, used 87299K [0x0000000080000000, 0x0000000100000000)
  region size 1024K, 7 young (7168K), 5 survivors (5120K)
 Metaspace       used 81639K, committed 82304K, reserved 1179648K
  class space    used 11483K, committed 11776K, reserved 1048576K
}
Event: 10.980 GC heap after
{Heap after GC invocations=37 (full 0):
 garbage-first heap   total 157696K, used 86988K [0x0000000080000000, 0x0000000100000000)
  region size 1024K, 1 young (1024K), 1 survivors (1024K)
 Metaspace       used 81639K, committed 82304K, reserved 1179648K
  class space    used 11483K, committed 11776K, reserved 1048576K
}
Event: 11.334 GC heap before
{Heap before GC invocations=37 (full 0):
 garbage-first heap   total 157696K, used 132044K [0x0000000080000000, 0x0000000100000000)
  region size 1024K, 38 young (38912K), 1 survivors (1024K)
 Metaspace       used 85801K, committed 86400K, reserved 1179648K
  class space    used 11947K, committed 12224K, reserved 1048576K
}

