# JRE version: OpenJDK Runtime Environment (17.0.11) (build 17.0.11+0--11852314)
# Java VM: OpenJDK 64-Bit Server VM (17.0.11+0--11852314, mixed mode, tiered, compressed oops, compressed class ptrs, g1 gc, windows-amd64)
GC Precious Log:
 CPUs: 12 total, 12 available
 Memory: 7916M
 Large Page Support: Disabled
 NUMA Support: Disabled
 Compressed Oops: Enabled (32-bit)
 Heap Region Size: 1M
 Heap Min Capacity: 8M
 Heap Initial Capacity: 124M
 Heap Max Capacity: 2G
 Pre-touch: Disabled
 Parallel Workers: 10
 Concurrent Workers: 3
 Concurrent Refinement Workers: 10
 Periodic GC: Disabled
Heap:
 garbage-first heap   total 154624K, used 89762K [0x0000000080000000, 0x0000000100000000)
  region size 1024K, 2 young (2048K), 2 survivors (2048K)
 Metaspace       used 63202K, committed 63872K, reserved 1114112K
  class space    used 8652K, committed 8960K, reserved 1048576K
GC Heap History (20 events):
Event: 4.004 GC heap after
{Heap after GC invocations=14 (full 0):
 garbage-first heap   total 113664K, used 49008K [0x0000000080000000, 0x0000000100000000)
  region size 1024K, 5 young (5120K), 5 survivors (5120K)
 Metaspace       used 50398K, committed 50880K, reserved 1114112K
  class space    used 6830K, committed 7040K, reserved 1048576K
}
Event: 4.082 GC heap before
{Heap before GC invocations=14 (full 0):
 garbage-first heap   total 113664K, used 57200K [0x0000000080000000, 0x0000000100000000)
  region size 1024K, 12 young (12288K), 5 survivors (5120K)
 Metaspace       used 50573K, committed 51008K, reserved 1114112K
  class space    used 6843K, committed 7040K, reserved 1048576K
}
Event: 4.086 GC heap after
{Heap after GC invocations=15 (full 0):
 garbage-first heap   total 113664K, used 54182K [0x0000000080000000, 0x0000000100000000)
  region size 1024K, 5 young (5120K), 5 survivors (5120K)
 Metaspace       used 50573K, committed 51008K, reserved 1114112K
  class space    used 6843K, committed 7040K, reserved 1048576K
}
Event: 4.162 GC heap before
{Heap before GC invocations=15 (full 0):
 garbage-first heap   total 113664K, used 65446K [0x0000000080000000, 0x0000000100000000)
  region size 1024K, 12 young (12288K), 5 survivors (5120K)
 Metaspace       used 50851K, committed 51328K, reserved 1114112K
  class space    used 6891K, committed 7104K, reserved 1048576K
}
Event: 4.165 GC heap after
{Heap after GC invocations=16 (full 0):
 garbage-first heap   total 113664K, used 61517K [0x0000000080000000, 0x0000000100000000)
  region size 1024K, 5 young (5120K), 5 survivors (5120K)
 Metaspace       used 50851K, committed 51328K, reserved 1114112K
  class space    used 6891K, committed 7104K, reserved 1048576K
}
Event: 4.236 GC heap before
{Heap before GC invocations=17 (full 0):
 garbage-first heap   total 116736K, used 70733K [0x0000000080000000, 0x0000000100000000)
  region size 1024K, 10 young (10240K), 5 survivors (5120K)
 Metaspace       used 51178K, committed 51648K, reserved 1114112K
  class space    used 6916K, committed 7104K, reserved 1048576K
}
Event: 4.239 GC heap after
{Heap after GC invocations=18 (full 0):
 garbage-first heap   total 116736K, used 68541K [0x0000000080000000, 0x0000000100000000)
  region size 1024K, 2 young (2048K), 2 survivors (2048K)
 Metaspace       used 51178K, committed 51648K, reserved 1114112K
  class space    used 6916K, committed 7104K, reserved 1048576K
}
Event: 4.497 GC heap before
{Heap before GC invocations=19 (full 0):
 garbage-first heap   total 122880K, used 86973K [0x0000000080000000, 0x0000000100000000)
  region size 1024K, 18 young (18432K), 2 survivors (2048K)
 Metaspace       used 53384K, committed 53952K, reserved 1114112K
  class space    used 7147K, committed 7424K, reserved 1048576K
}
Event: 4.499 GC heap after
{Heap after GC invocations=20 (full 0):
 garbage-first heap   total 154624K, used 68662K [0x0000000080000000, 0x0000000100000000)
  region size 1024K, 2 young (2048K), 2 survivors (2048K)
 Metaspace       used 53384K, committed 53952K, reserved 1114112K
  class space    used 7147K, committed 7424K, reserved 1048576K
}
Event: 4.847 GC heap before
{Heap before GC invocations=20 (full 0):
 garbage-first heap   total 154624K, used 102454K [0x0000000080000000, 0x0000000100000000)
  region size 1024K, 36 young (36864K), 2 survivors (2048K)
 Metaspace       used 55913K, committed 56448K, reserved 1114112K
  class space    used 7560K, committed 7808K, reserved 1048576K
}
Event: 4.849 GC heap after
{Heap after GC invocations=21 (full 0):
 garbage-first heap   total 154624K, used 70514K [0x0000000080000000, 0x0000000100000000)
  region size 1024K, 4 young (4096K), 4 survivors (4096K)
 Metaspace       used 55913K, committed 56448K, reserved 1114112K
  class space    used 7560K, committed 7808K, reserved 1048576K
}
Event: 5.284 GC heap before
{Heap before GC invocations=21 (full 0):
 garbage-first heap   total 154624K, used 107378K [0x0000000080000000, 0x0000000100000000)
  region size 1024K, 40 young (40960K), 4 survivors (4096K)
 Metaspace       used 59757K, committed 60416K, reserved 1114112K
  class space    used 8218K, committed 8512K, reserved 1048576K
}
Event: 5.289 GC heap after
{Heap after GC invocations=22 (full 0):
 garbage-first heap   total 154624K, used 73456K [0x0000000080000000, 0x0000000100000000)
  region size 1024K, 5 young (5120K), 5 survivors (5120K)
 Metaspace       used 59757K, committed 60416K, reserved 1114112K
  class space    used 8218K, committed 8512K, reserved 1048576K
}
Event: 5.884 GC heap before
{Heap before GC invocations=22 (full 0):
 garbage-first heap   total 154624K, used 111344K [0x0000000080000000, 0x0000000100000000)
  region size 1024K, 42 young (43008K), 5 survivors (5120K)
 Metaspace       used 61706K, committed 62336K, reserved 1114112K
  class space    used 8470K, committed 8768K, reserved 1048576K
}
Event: 5.891 GC heap after
{Heap after GC invocations=23 (full 0):
 garbage-first heap   total 154624K, used 77280K [0x0000000080000000, 0x0000000100000000)
  region size 1024K, 6 young (6144K), 6 survivors (6144K)
 Metaspace       used 61706K, committed 62336K, reserved 1114112K
  class space    used 8470K, committed 8768K, reserved 1048576K
}
Event: 6.125 GC heap before
{Heap before GC invocations=24 (full 0):
 garbage-first heap   total 154624K, used 119264K [0x0000000080000000, 0x0000000100000000)
  region size 1024K, 43 young (44032K), 6 survivors (6144K)
 Metaspace       used 62587K, committed 63232K, reserved 1114112K
  class space    used 8594K, committed 8896K, reserved 1048576K
}
Event: 6.132 GC heap after
{Heap after GC invocations=25 (full 0):
 garbage-first heap   total 154624K, used 87233K [0x0000000080000000, 0x0000000100000000)
  region size 1024K, 6 young (6144K), 6 survivors (6144K)
 Metaspace       used 62587K, committed 63232K, reserved 1114112K
  class space    used 8594K, committed 8896K, reserved 1048576K
}
Event: 6.136 GC heap before
{Heap before GC invocations=25 (full 0):
 garbage-first heap   total 154624K, used 88257K [0x0000000080000000, 0x0000000100000000)
  region size 1024K, 7 young (7168K), 6 survivors (6144K)
 Metaspace       used 62587K, committed 63232K, reserved 1114112K
  class space    used 8594K, committed 8896K, reserved 1048576K
}
Event: 6.139 GC heap after
{Heap after GC invocations=26 (full 0):
 garbage-first heap   total 154624K, used 88566K [0x0000000080000000, 0x0000000100000000)
  region size 1024K, 1 young (1024K), 1 survivors (1024K)
 Metaspace       used 62587K, committed 63232K, reserved 1114112K
  class space    used 8594K, committed 8896K, reserved 1048576K
}
Event: 6.191 GC heap before
{Heap before GC invocations=26 (full 0):
 garbage-first heap   total 154624K, used 98806K [0x0000000080000000, 0x0000000100000000)
  region size 1024K, 12 young (12288K), 1 survivors (1024K)
 Metaspace       used 63202K, committed 63872K, reserved 1114112K
  class space    used 8652K, committed 8960K, reserved 1048576K
}

